{"/Users/justynroberts/work/Notion-local/app/api/ai/chat/route.ts": {"path":"/Users/justynroberts/work/Notion-local/app/api/ai/chat/route.ts","statementMap":{"0":{"start":{"line":21,"column":22},"end":{"line":21,"column":27}},"1":{"start":{"line":1,"column":42},"end":{"line":1,"column":null}},"2":{"start":{"line":22,"column":2},"end":{"line":164,"column":null}},"3":{"start":{"line":23,"column":30},"end":{"line":23,"column":null}},"4":{"start":{"line":24,"column":53},"end":{"line":24,"column":null}},"5":{"start":{"line":25,"column":50},"end":{"line":25,"column":null}},"6":{"start":{"line":27,"column":4},"end":{"line":29,"column":null}},"7":{"start":{"line":28,"column":6},"end":{"line":28,"column":null}},"8":{"start":{"line":31,"column":4},"end":{"line":76,"column":null}},"9":{"start":{"line":32,"column":6},"end":{"line":34,"column":null}},"10":{"start":{"line":33,"column":8},"end":{"line":33,"column":null}},"11":{"start":{"line":37,"column":28},"end":{"line":37,"column":null}},"12":{"start":{"line":37,"column":49},"end":{"line":37,"column":71}},"13":{"start":{"line":38,"column":27},"end":{"line":38,"column":null}},"14":{"start":{"line":38,"column":50},"end":{"line":38,"column":null}},"15":{"start":{"line":40,"column":23},"end":{"line":56,"column":null}},"16":{"start":{"line":51,"column":45},"end":{"line":54,"column":null}},"17":{"start":{"line":58,"column":6},"end":{"line":64,"column":null}},"18":{"start":{"line":59,"column":22},"end":{"line":59,"column":null}},"19":{"start":{"line":60,"column":8},"end":{"line":62,"column":null}},"20":{"start":{"line":66,"column":19},"end":{"line":66,"column":null}},"21":{"start":{"line":68,"column":6},"end":{"line":75,"column":null}},"22":{"start":{"line":78,"column":4},"end":{"line":114,"column":null}},"23":{"start":{"line":79,"column":29},"end":{"line":79,"column":null}},"24":{"start":{"line":82,"column":21},"end":{"line":88,"column":null}},"25":{"start":{"line":84,"column":10},"end":{"line":84,"column":null}},"26":{"start":{"line":84,"column":35},"end":{"line":84,"column":null}},"27":{"start":{"line":85,"column":10},"end":{"line":85,"column":null}},"28":{"start":{"line":85,"column":33},"end":{"line":85,"column":null}},"29":{"start":{"line":86,"column":10},"end":{"line":86,"column":null}},"30":{"start":{"line":90,"column":23},"end":{"line":98,"column":null}},"31":{"start":{"line":100,"column":6},"end":{"line":102,"column":null}},"32":{"start":{"line":101,"column":8},"end":{"line":101,"column":null}},"33":{"start":{"line":104,"column":19},"end":{"line":104,"column":null}},"34":{"start":{"line":106,"column":6},"end":{"line":113,"column":null}},"35":{"start":{"line":116,"column":4},"end":{"line":155,"column":null}},"36":{"start":{"line":117,"column":6},"end":{"line":119,"column":null}},"37":{"start":{"line":118,"column":8},"end":{"line":118,"column":null}},"38":{"start":{"line":121,"column":23},"end":{"line":135,"column":null}},"39":{"start":{"line":130,"column":41},"end":{"line":133,"column":null}},"40":{"start":{"line":137,"column":6},"end":{"line":143,"column":null}},"41":{"start":{"line":138,"column":22},"end":{"line":138,"column":null}},"42":{"start":{"line":139,"column":8},"end":{"line":141,"column":null}},"43":{"start":{"line":145,"column":19},"end":{"line":145,"column":null}},"44":{"start":{"line":147,"column":6},"end":{"line":154,"column":null}},"45":{"start":{"line":157,"column":4},"end":{"line":157,"column":null}},"46":{"start":{"line":159,"column":4},"end":{"line":159,"column":null}},"47":{"start":{"line":160,"column":4},"end":{"line":162,"column":null}}},"fnMap":{"0":{"name":"POST","decl":{"start":{"line":21,"column":22},"end":{"line":21,"column":27}},"loc":{"start":{"line":21,"column":47},"end":{"line":165,"column":null}}},"1":{"name":"(anonymous_2)","decl":{"start":{"line":37,"column":42},"end":{"line":37,"column":43}},"loc":{"start":{"line":37,"column":49},"end":{"line":37,"column":71}}},"2":{"name":"(anonymous_3)","decl":{"start":{"line":38,"column":43},"end":{"line":38,"column":44}},"loc":{"start":{"line":38,"column":50},"end":{"line":38,"column":null}}},"3":{"name":"(anonymous_4)","decl":{"start":{"line":51,"column":37},"end":{"line":51,"column":38}},"loc":{"start":{"line":51,"column":45},"end":{"line":54,"column":null}}},"4":{"name":"(anonymous_5)","decl":{"start":{"line":83,"column":13},"end":{"line":83,"column":14}},"loc":{"start":{"line":83,"column":14},"end":{"line":87,"column":null}}},"5":{"name":"(anonymous_6)","decl":{"start":{"line":130,"column":33},"end":{"line":130,"column":34}},"loc":{"start":{"line":130,"column":41},"end":{"line":133,"column":null}}}},"branchMap":{"0":{"loc":{"start":{"line":24,"column":32},"end":{"line":24,"column":48}},"type":"default-arg","locations":[{"start":{"line":24,"column":44},"end":{"line":24,"column":48}}]},"1":{"loc":{"start":{"line":27,"column":4},"end":{"line":29,"column":null}},"type":"if","locations":[{"start":{"line":27,"column":4},"end":{"line":29,"column":null}},{"start":{},"end":{}}]},"2":{"loc":{"start":{"line":27,"column":8},"end":{"line":27,"column":44}},"type":"binary-expr","locations":[{"start":{"line":27,"column":8},"end":{"line":27,"column":21}},{"start":{"line":27,"column":21},"end":{"line":27,"column":44}}]},"3":{"loc":{"start":{"line":31,"column":4},"end":{"line":76,"column":null}},"type":"if","locations":[{"start":{"line":31,"column":4},"end":{"line":76,"column":null}},{"start":{},"end":{}}]},"4":{"loc":{"start":{"line":32,"column":6},"end":{"line":34,"column":null}},"type":"if","locations":[{"start":{"line":32,"column":6},"end":{"line":34,"column":null}},{"start":{},"end":{}}]},"5":{"loc":{"start":{"line":40,"column":38},"end":{"line":40,"column":78}},"type":"binary-expr","locations":[{"start":{"line":40,"column":38},"end":{"line":40,"column":50}},{"start":{"line":40,"column":50},"end":{"line":40,"column":78}}]},"6":{"loc":{"start":{"line":48,"column":17},"end":{"line":48,"column":null}},"type":"binary-expr","locations":[{"start":{"line":48,"column":17},"end":{"line":48,"column":26}},{"start":{"line":48,"column":26},"end":{"line":48,"column":null}}]},"7":{"loc":{"start":{"line":58,"column":6},"end":{"line":64,"column":null}},"type":"if","locations":[{"start":{"line":58,"column":6},"end":{"line":64,"column":null}},{"start":{},"end":{}}]},"8":{"loc":{"start":{"line":61,"column":19},"end":{"line":61,"column":65}},"type":"binary-expr","locations":[{"start":{"line":61,"column":19},"end":{"line":61,"column":43}},{"start":{"line":61,"column":43},"end":{"line":61,"column":65}}]},"9":{"loc":{"start":{"line":69,"column":17},"end":{"line":69,"column":null}},"type":"binary-expr","locations":[{"start":{"line":69,"column":17},"end":{"line":69,"column":42}},{"start":{"line":69,"column":42},"end":{"line":69,"column":null}}]},"10":{"loc":{"start":{"line":78,"column":4},"end":{"line":114,"column":null}},"type":"if","locations":[{"start":{"line":78,"column":4},"end":{"line":114,"column":null}},{"start":{},"end":{}}]},"11":{"loc":{"start":{"line":79,"column":29},"end":{"line":79,"column":null}},"type":"binary-expr","locations":[{"start":{"line":79,"column":29},"end":{"line":79,"column":41}},{"start":{"line":79,"column":41},"end":{"line":79,"column":null}}]},"12":{"loc":{"start":{"line":84,"column":10},"end":{"line":84,"column":null}},"type":"if","locations":[{"start":{"line":84,"column":10},"end":{"line":84,"column":null}},{"start":{},"end":{}}]},"13":{"loc":{"start":{"line":85,"column":10},"end":{"line":85,"column":null}},"type":"if","locations":[{"start":{"line":85,"column":10},"end":{"line":85,"column":null}},{"start":{},"end":{}}]},"14":{"loc":{"start":{"line":100,"column":6},"end":{"line":102,"column":null}},"type":"if","locations":[{"start":{"line":100,"column":6},"end":{"line":102,"column":null}},{"start":{},"end":{}}]},"15":{"loc":{"start":{"line":107,"column":17},"end":{"line":107,"column":null}},"type":"binary-expr","locations":[{"start":{"line":107,"column":17},"end":{"line":107,"column":30}},{"start":{"line":107,"column":34},"end":{"line":107,"column":null}}]},"16":{"loc":{"start":{"line":116,"column":4},"end":{"line":155,"column":null}},"type":"if","locations":[{"start":{"line":116,"column":4},"end":{"line":155,"column":null}},{"start":{},"end":{}}]},"17":{"loc":{"start":{"line":117,"column":6},"end":{"line":119,"column":null}},"type":"if","locations":[{"start":{"line":117,"column":6},"end":{"line":119,"column":null}},{"start":{},"end":{}}]},"18":{"loc":{"start":{"line":121,"column":38},"end":{"line":121,"column":75}},"type":"binary-expr","locations":[{"start":{"line":121,"column":38},"end":{"line":121,"column":50}},{"start":{"line":121,"column":50},"end":{"line":121,"column":75}}]},"19":{"loc":{"start":{"line":128,"column":17},"end":{"line":128,"column":null}},"type":"binary-expr","locations":[{"start":{"line":128,"column":17},"end":{"line":128,"column":26}},{"start":{"line":128,"column":26},"end":{"line":128,"column":null}}]},"20":{"loc":{"start":{"line":137,"column":6},"end":{"line":143,"column":null}},"type":"if","locations":[{"start":{"line":137,"column":6},"end":{"line":143,"column":null}},{"start":{},"end":{}}]},"21":{"loc":{"start":{"line":140,"column":19},"end":{"line":140,"column":62}},"type":"binary-expr","locations":[{"start":{"line":140,"column":19},"end":{"line":140,"column":43}},{"start":{"line":140,"column":43},"end":{"line":140,"column":62}}]},"22":{"loc":{"start":{"line":148,"column":17},"end":{"line":148,"column":null}},"type":"binary-expr","locations":[{"start":{"line":148,"column":17},"end":{"line":148,"column":54}},{"start":{"line":148,"column":54},"end":{"line":148,"column":null}}]},"23":{"loc":{"start":{"line":161,"column":15},"end":{"line":161,"column":76}},"type":"cond-expr","locations":[{"start":{"line":161,"column":40},"end":{"line":161,"column":53}},{"start":{"line":161,"column":56},"end":{"line":161,"column":76}}]}},"s":{"0":14,"1":1,"2":14,"3":14,"4":13,"5":13,"6":13,"7":1,"8":12,"9":3,"10":1,"11":2,"12":2,"13":2,"14":3,"15":2,"16":2,"17":2,"18":1,"19":1,"20":1,"21":1,"22":9,"23":5,"24":5,"25":8,"26":2,"27":6,"28":5,"29":1,"30":5,"31":4,"32":1,"33":3,"34":3,"35":4,"36":3,"37":1,"38":2,"39":2,"40":2,"41":1,"42":1,"43":1,"44":1,"45":1,"46":2,"47":2},"f":{"0":14,"1":2,"2":3,"3":2,"4":8,"5":2},"b":{"0":[13],"1":[1,12],"2":[13,13],"3":[3,9],"4":[1,2],"5":[2,0],"6":[2,0],"7":[1,1],"8":[1,0],"9":[1,0],"10":[5,4],"11":[5,1],"12":[2,6],"13":[5,1],"14":[1,3],"15":[3,0],"16":[3,1],"17":[1,2],"18":[2,0],"19":[2,0],"20":[1,1],"21":[1,0],"22":[1,0],"23":[2,0]}}
,"/Users/justynroberts/work/Notion-local/app/api/ai/models/route.ts": {"path":"/Users/justynroberts/work/Notion-local/app/api/ai/models/route.ts","statementMap":{"0":{"start":{"line":13,"column":22},"end":{"line":13,"column":27}},"1":{"start":{"line":1,"column":42},"end":{"line":1,"column":null}},"2":{"start":{"line":14,"column":2},"end":{"line":83,"column":null}},"3":{"start":{"line":15,"column":35},"end":{"line":15,"column":null}},"4":{"start":{"line":17,"column":4},"end":{"line":47,"column":null}},"5":{"start":{"line":18,"column":29},"end":{"line":18,"column":null}},"6":{"start":{"line":20,"column":6},"end":{"line":46,"column":null}},"7":{"start":{"line":21,"column":25},"end":{"line":21,"column":null}},"8":{"start":{"line":23,"column":8},"end":{"line":28,"column":null}},"9":{"start":{"line":24,"column":10},"end":{"line":26,"column":null}},"10":{"start":{"line":30,"column":41},"end":{"line":30,"column":null}},"11":{"start":{"line":31,"column":23},"end":{"line":35,"column":17}},"12":{"start":{"line":31,"column":48},"end":{"line":35,"column":15}},"13":{"start":{"line":37,"column":8},"end":{"line":40,"column":null}},"14":{"start":{"line":42,"column":8},"end":{"line":44,"column":null}},"15":{"start":{"line":50,"column":4},"end":{"line":59,"column":null}},"16":{"start":{"line":51,"column":6},"end":{"line":58,"column":null}},"17":{"start":{"line":61,"column":4},"end":{"line":71,"column":null}},"18":{"start":{"line":62,"column":6},"end":{"line":70,"column":null}},"19":{"start":{"line":73,"column":4},"end":{"line":75,"column":null}},"20":{"start":{"line":78,"column":4},"end":{"line":78,"column":null}},"21":{"start":{"line":79,"column":4},"end":{"line":81,"column":null}}},"fnMap":{"0":{"name":"POST","decl":{"start":{"line":13,"column":22},"end":{"line":13,"column":27}},"loc":{"start":{"line":13,"column":47},"end":{"line":84,"column":null}}},"1":{"name":"(anonymous_2)","decl":{"start":{"line":31,"column":40},"end":{"line":31,"column":41}},"loc":{"start":{"line":31,"column":48},"end":{"line":35,"column":15}}}},"branchMap":{"0":{"loc":{"start":{"line":17,"column":4},"end":{"line":47,"column":null}},"type":"if","locations":[{"start":{"line":17,"column":4},"end":{"line":47,"column":null}},{"start":{},"end":{}}]},"1":{"loc":{"start":{"line":18,"column":29},"end":{"line":18,"column":null}},"type":"binary-expr","locations":[{"start":{"line":18,"column":29},"end":{"line":18,"column":41}},{"start":{"line":18,"column":41},"end":{"line":18,"column":null}}]},"2":{"loc":{"start":{"line":23,"column":8},"end":{"line":28,"column":null}},"type":"if","locations":[{"start":{"line":23,"column":8},"end":{"line":28,"column":null}},{"start":{},"end":{}}]},"3":{"loc":{"start":{"line":31,"column":23},"end":{"line":35,"column":17}},"type":"binary-expr","locations":[{"start":{"line":31,"column":23},"end":{"line":35,"column":15}},{"start":{"line":35,"column":15},"end":{"line":35,"column":17}}]},"4":{"loc":{"start":{"line":50,"column":4},"end":{"line":59,"column":null}},"type":"if","locations":[{"start":{"line":50,"column":4},"end":{"line":59,"column":null}},{"start":{},"end":{}}]},"5":{"loc":{"start":{"line":61,"column":4},"end":{"line":71,"column":null}},"type":"if","locations":[{"start":{"line":61,"column":4},"end":{"line":71,"column":null}},{"start":{},"end":{}}]},"6":{"loc":{"start":{"line":80,"column":31},"end":{"line":80,"column":98}},"type":"cond-expr","locations":[{"start":{"line":80,"column":56},"end":{"line":80,"column":69}},{"start":{"line":80,"column":72},"end":{"line":80,"column":98}}]}},"s":{"0":9,"1":1,"2":9,"3":9,"4":8,"5":5,"6":5,"7":5,"8":4,"9":1,"10":3,"11":3,"12":2,"13":3,"14":1,"15":3,"16":1,"17":2,"18":1,"19":1,"20":1,"21":1},"f":{"0":9,"1":2},"b":{"0":[5,3],"1":[5,1],"2":[1,3],"3":[3,0],"4":[1,2],"5":[1,1],"6":[1,0]}}
,"/Users/justynroberts/work/Notion-local/app/api/ai/test/route.ts": {"path":"/Users/justynroberts/work/Notion-local/app/api/ai/test/route.ts","statementMap":{"0":{"start":{"line":10,"column":22},"end":{"line":10,"column":27}},"1":{"start":{"line":1,"column":42},"end":{"line":1,"column":null}},"2":{"start":{"line":11,"column":2},"end":{"line":134,"column":null}},"3":{"start":{"line":12,"column":33},"end":{"line":12,"column":null}},"4":{"start":{"line":13,"column":50},"end":{"line":13,"column":null}},"5":{"start":{"line":15,"column":4},"end":{"line":43,"column":null}},"6":{"start":{"line":16,"column":6},"end":{"line":18,"column":null}},"7":{"start":{"line":17,"column":8},"end":{"line":17,"column":null}},"8":{"start":{"line":20,"column":23},"end":{"line":32,"column":null}},"9":{"start":{"line":34,"column":6},"end":{"line":42,"column":null}},"10":{"start":{"line":35,"column":8},"end":{"line":35,"column":null}},"11":{"start":{"line":37,"column":22},"end":{"line":37,"column":null}},"12":{"start":{"line":38,"column":8},"end":{"line":40,"column":null}},"13":{"start":{"line":45,"column":4},"end":{"line":96,"column":null}},"14":{"start":{"line":46,"column":29},"end":{"line":46,"column":null}},"15":{"start":{"line":49,"column":6},"end":{"line":95,"column":null}},"16":{"start":{"line":50,"column":29},"end":{"line":50,"column":null}},"17":{"start":{"line":51,"column":8},"end":{"line":56,"column":null}},"18":{"start":{"line":52,"column":10},"end":{"line":54,"column":null}},"19":{"start":{"line":58,"column":21},"end":{"line":58,"column":null}},"20":{"start":{"line":59,"column":23},"end":{"line":59,"column":78}},"21":{"start":{"line":59,"column":65},"end":{"line":59,"column":71}},"22":{"start":{"line":62,"column":28},"end":{"line":62,"column":null}},"23":{"start":{"line":62,"column":55},"end":{"line":62,"column":null}},"24":{"start":{"line":64,"column":8},"end":{"line":69,"column":null}},"25":{"start":{"line":65,"column":10},"end":{"line":68,"column":null}},"26":{"start":{"line":72,"column":25},"end":{"line":80,"column":null}},"27":{"start":{"line":82,"column":8},"end":{"line":89,"column":null}},"28":{"start":{"line":83,"column":10},"end":{"line":83,"column":null}},"29":{"start":{"line":85,"column":10},"end":{"line":87,"column":null}},"30":{"start":{"line":91,"column":8},"end":{"line":93,"column":null}},"31":{"start":{"line":98,"column":4},"end":{"line":125,"column":null}},"32":{"start":{"line":99,"column":6},"end":{"line":101,"column":null}},"33":{"start":{"line":100,"column":8},"end":{"line":100,"column":null}},"34":{"start":{"line":103,"column":23},"end":{"line":114,"column":null}},"35":{"start":{"line":116,"column":6},"end":{"line":124,"column":null}},"36":{"start":{"line":117,"column":8},"end":{"line":117,"column":null}},"37":{"start":{"line":119,"column":22},"end":{"line":119,"column":null}},"38":{"start":{"line":120,"column":8},"end":{"line":122,"column":null}},"39":{"start":{"line":127,"column":4},"end":{"line":127,"column":null}},"40":{"start":{"line":129,"column":4},"end":{"line":129,"column":null}},"41":{"start":{"line":130,"column":4},"end":{"line":132,"column":null}}},"fnMap":{"0":{"name":"POST","decl":{"start":{"line":10,"column":22},"end":{"line":10,"column":27}},"loc":{"start":{"line":10,"column":47},"end":{"line":135,"column":null}}},"1":{"name":"(anonymous_2)","decl":{"start":{"line":59,"column":40},"end":{"line":59,"column":41}},"loc":{"start":{"line":59,"column":65},"end":{"line":59,"column":71}}},"2":{"name":"(anonymous_3)","decl":{"start":{"line":62,"column":40},"end":{"line":62,"column":41}},"loc":{"start":{"line":62,"column":55},"end":{"line":62,"column":null}}}},"branchMap":{"0":{"loc":{"start":{"line":15,"column":4},"end":{"line":43,"column":null}},"type":"if","locations":[{"start":{"line":15,"column":4},"end":{"line":43,"column":null}},{"start":{},"end":{}}]},"1":{"loc":{"start":{"line":16,"column":6},"end":{"line":18,"column":null}},"type":"if","locations":[{"start":{"line":16,"column":6},"end":{"line":18,"column":null}},{"start":{},"end":{}}]},"2":{"loc":{"start":{"line":20,"column":38},"end":{"line":20,"column":78}},"type":"binary-expr","locations":[{"start":{"line":20,"column":38},"end":{"line":20,"column":50}},{"start":{"line":20,"column":50},"end":{"line":20,"column":78}}]},"3":{"loc":{"start":{"line":28,"column":17},"end":{"line":28,"column":null}},"type":"binary-expr","locations":[{"start":{"line":28,"column":17},"end":{"line":28,"column":26}},{"start":{"line":28,"column":26},"end":{"line":28,"column":null}}]},"4":{"loc":{"start":{"line":34,"column":6},"end":{"line":42,"column":null}},"type":"if","locations":[{"start":{"line":34,"column":6},"end":{"line":42,"column":null}},{"start":{"line":36,"column":13},"end":{"line":42,"column":null}}]},"5":{"loc":{"start":{"line":39,"column":35},"end":{"line":39,"column":79}},"type":"binary-expr","locations":[{"start":{"line":39,"column":35},"end":{"line":39,"column":59}},{"start":{"line":39,"column":59},"end":{"line":39,"column":79}}]},"6":{"loc":{"start":{"line":45,"column":4},"end":{"line":96,"column":null}},"type":"if","locations":[{"start":{"line":45,"column":4},"end":{"line":96,"column":null}},{"start":{},"end":{}}]},"7":{"loc":{"start":{"line":46,"column":29},"end":{"line":46,"column":null}},"type":"binary-expr","locations":[{"start":{"line":46,"column":29},"end":{"line":46,"column":41}},{"start":{"line":46,"column":41},"end":{"line":46,"column":null}}]},"8":{"loc":{"start":{"line":51,"column":8},"end":{"line":56,"column":null}},"type":"if","locations":[{"start":{"line":51,"column":8},"end":{"line":56,"column":null}},{"start":{},"end":{}}]},"9":{"loc":{"start":{"line":59,"column":23},"end":{"line":59,"column":78}},"type":"binary-expr","locations":[{"start":{"line":59,"column":23},"end":{"line":59,"column":76}},{"start":{"line":59,"column":76},"end":{"line":59,"column":78}}]},"10":{"loc":{"start":{"line":64,"column":8},"end":{"line":69,"column":null}},"type":"if","locations":[{"start":{"line":64,"column":8},"end":{"line":69,"column":null}},{"start":{},"end":{}}]},"11":{"loc":{"start":{"line":64,"column":12},"end":{"line":64,"column":47}},"type":"binary-expr","locations":[{"start":{"line":64,"column":12},"end":{"line":64,"column":28}},{"start":{"line":64,"column":28},"end":{"line":64,"column":47}}]},"12":{"loc":{"start":{"line":82,"column":8},"end":{"line":89,"column":null}},"type":"if","locations":[{"start":{"line":82,"column":8},"end":{"line":89,"column":null}},{"start":{"line":84,"column":15},"end":{"line":89,"column":null}}]},"13":{"loc":{"start":{"line":98,"column":4},"end":{"line":125,"column":null}},"type":"if","locations":[{"start":{"line":98,"column":4},"end":{"line":125,"column":null}},{"start":{},"end":{}}]},"14":{"loc":{"start":{"line":99,"column":6},"end":{"line":101,"column":null}},"type":"if","locations":[{"start":{"line":99,"column":6},"end":{"line":101,"column":null}},{"start":{},"end":{}}]},"15":{"loc":{"start":{"line":103,"column":38},"end":{"line":103,"column":75}},"type":"binary-expr","locations":[{"start":{"line":103,"column":38},"end":{"line":103,"column":50}},{"start":{"line":103,"column":50},"end":{"line":103,"column":75}}]},"16":{"loc":{"start":{"line":110,"column":17},"end":{"line":110,"column":null}},"type":"binary-expr","locations":[{"start":{"line":110,"column":17},"end":{"line":110,"column":26}},{"start":{"line":110,"column":26},"end":{"line":110,"column":null}}]},"17":{"loc":{"start":{"line":116,"column":6},"end":{"line":124,"column":null}},"type":"if","locations":[{"start":{"line":116,"column":6},"end":{"line":124,"column":null}},{"start":{"line":118,"column":13},"end":{"line":124,"column":null}}]},"18":{"loc":{"start":{"line":121,"column":35},"end":{"line":121,"column":79}},"type":"binary-expr","locations":[{"start":{"line":121,"column":35},"end":{"line":121,"column":59}},{"start":{"line":121,"column":59},"end":{"line":121,"column":79}}]},"19":{"loc":{"start":{"line":131,"column":31},"end":{"line":131,"column":86}},"type":"cond-expr","locations":[{"start":{"line":131,"column":56},"end":{"line":131,"column":69}},{"start":{"line":131,"column":72},"end":{"line":131,"column":86}}]}},"s":{"0":16,"1":1,"2":16,"3":16,"4":15,"5":15,"6":4,"7":1,"8":3,"9":3,"10":2,"11":1,"12":1,"13":11,"14":6,"15":6,"16":6,"17":5,"18":1,"19":4,"20":4,"21":6,"22":4,"23":5,"24":4,"25":1,"26":3,"27":3,"28":2,"29":1,"30":1,"31":5,"32":4,"33":1,"34":3,"35":3,"36":2,"37":1,"38":1,"39":1,"40":1,"41":1},"f":{"0":16,"1":6,"2":5},"b":{"0":[4,11],"1":[1,3],"2":[3,1],"3":[3,0],"4":[2,1],"5":[1,0],"6":[6,5],"7":[6,1],"8":[1,4],"9":[4,0],"10":[1,3],"11":[4,1],"12":[2,1],"13":[4,1],"14":[1,3],"15":[3,1],"16":[3,0],"17":[2,1],"18":[1,0],"19":[1,0]}}
,"/Users/justynroberts/work/Notion-local/app/api/health/route.ts": {"path":"/Users/justynroberts/work/Notion-local/app/api/health/route.ts","statementMap":{"0":{"start":{"line":5,"column":22},"end":{"line":5,"column":null}},"1":{"start":{"line":1,"column":29},"end":{"line":1,"column":null}},"2":{"start":{"line":2,"column":19},"end":{"line":2,"column":null}},"3":{"start":{"line":3,"column":20},"end":{"line":3,"column":null}},"4":{"start":{"line":6,"column":2},"end":{"line":38,"column":null}},"5":{"start":{"line":8,"column":19},"end":{"line":8,"column":null}},"6":{"start":{"line":10,"column":4},"end":{"line":19,"column":null}},"7":{"start":{"line":11,"column":6},"end":{"line":17,"column":null}},"8":{"start":{"line":21,"column":4},"end":{"line":26,"column":null}},"9":{"start":{"line":28,"column":4},"end":{"line":28,"column":null}},"10":{"start":{"line":29,"column":4},"end":{"line":36,"column":null}}},"fnMap":{"0":{"name":"GET","decl":{"start":{"line":5,"column":22},"end":{"line":5,"column":null}},"loc":{"start":{"line":5,"column":22},"end":{"line":39,"column":null}}}},"branchMap":{"0":{"loc":{"start":{"line":10,"column":4},"end":{"line":19,"column":null}},"type":"if","locations":[{"start":{"line":10,"column":4},"end":{"line":19,"column":null}},{"start":{},"end":{}}]},"1":{"loc":{"start":{"line":10,"column":8},"end":{"line":10,"column":36}},"type":"binary-expr","locations":[{"start":{"line":10,"column":8},"end":{"line":10,"column":19}},{"start":{"line":10,"column":19},"end":{"line":10,"column":36}}]},"2":{"loc":{"start":{"line":24,"column":15},"end":{"line":24,"column":null}},"type":"binary-expr","locations":[{"start":{"line":24,"column":15},"end":{"line":24,"column":46}},{"start":{"line":24,"column":50},"end":{"line":24,"column":null}}]},"3":{"loc":{"start":{"line":33,"column":15},"end":{"line":33,"column":null}},"type":"cond-expr","locations":[{"start":{"line":33,"column":40},"end":{"line":33,"column":53}},{"start":{"line":33,"column":56},"end":{"line":33,"column":null}}]}},"s":{"0":11,"1":1,"2":1,"3":1,"4":11,"5":11,"6":7,"7":3,"8":4,"9":4,"10":4},"f":{"0":11},"b":{"0":[3,4],"1":[7,5],"2":[4,0],"3":[3,1]}}
,"/Users/justynroberts/work/Notion-local/app/api/templates/route.ts": {"path":"/Users/justynroberts/work/Notion-local/app/api/templates/route.ts","statementMap":{"0":{"start":{"line":4,"column":22},"end":{"line":4,"column":null}},"1":{"start":{"line":1,"column":29},"end":{"line":1,"column":null}},"2":{"start":{"line":2,"column":31},"end":{"line":2,"column":null}},"3":{"start":{"line":5,"column":2},"end":{"line":5,"column":null}}},"fnMap":{"0":{"name":"GET","decl":{"start":{"line":4,"column":22},"end":{"line":4,"column":null}},"loc":{"start":{"line":4,"column":22},"end":{"line":6,"column":null}}}},"branchMap":{},"s":{"0":5,"1":1,"2":1,"3":5},"f":{"0":5},"b":{}}
,"/Users/justynroberts/work/Notion-local/components/CoverPicker.tsx": {"path":"/Users/justynroberts/work/Notion-local/components/CoverPicker.tsx","statementMap":{"0":{"start":{"line":44,"column":16},"end":{"line":44,"column":28}},"1":{"start":{"line":3,"column":25},"end":{"line":3,"column":null}},"2":{"start":{"line":9,"column":7},"end":{"line":9,"column":null}},"3":{"start":{"line":10,"column":23},"end":{"line":10,"column":null}},"4":{"start":{"line":11,"column":22},"end":{"line":11,"column":null}},"5":{"start":{"line":12,"column":27},"end":{"line":12,"column":null}},"6":{"start":{"line":15,"column":24},"end":{"line":28,"column":null}},"7":{"start":{"line":31,"column":21},"end":{"line":35,"column":null}},"8":{"start":{"line":45,"column":36},"end":{"line":45,"column":null}},"9":{"start":{"line":47,"column":23},"end":{"line":50,"column":null}},"10":{"start":{"line":48,"column":4},"end":{"line":48,"column":null}},"11":{"start":{"line":49,"column":4},"end":{"line":49,"column":null}},"12":{"start":{"line":52,"column":26},"end":{"line":58,"column":null}},"13":{"start":{"line":53,"column":4},"end":{"line":57,"column":null}},"14":{"start":{"line":54,"column":6},"end":{"line":54,"column":null}},"15":{"start":{"line":55,"column":6},"end":{"line":55,"column":null}},"16":{"start":{"line":56,"column":6},"end":{"line":56,"column":null}},"17":{"start":{"line":60,"column":23},"end":{"line":63,"column":null}},"18":{"start":{"line":61,"column":4},"end":{"line":61,"column":null}},"19":{"start":{"line":62,"column":4},"end":{"line":62,"column":null}},"20":{"start":{"line":81,"column":35},"end":{"line":81,"column":null}},"21":{"start":{"line":95,"column":18},"end":{"line":96,"column":null}},"22":{"start":{"line":99,"column":35},"end":{"line":99,"column":null}},"23":{"start":{"line":111,"column":18},"end":{"line":112,"column":null}},"24":{"start":{"line":115,"column":35},"end":{"line":115,"column":null}}},"fnMap":{"0":{"name":"CoverPicker","decl":{"start":{"line":44,"column":16},"end":{"line":44,"column":28}},"loc":{"start":{"line":44,"column":92},"end":{"line":134,"column":null}}},"1":{"name":"(anonymous_2)","decl":{"start":{"line":47,"column":23},"end":{"line":47,"column":24}},"loc":{"start":{"line":47,"column":24},"end":{"line":50,"column":null}}},"2":{"name":"(anonymous_3)","decl":{"start":{"line":52,"column":26},"end":{"line":52,"column":null}},"loc":{"start":{"line":52,"column":26},"end":{"line":58,"column":null}}},"3":{"name":"(anonymous_4)","decl":{"start":{"line":60,"column":23},"end":{"line":60,"column":null}},"loc":{"start":{"line":60,"column":23},"end":{"line":63,"column":null}}},"4":{"name":"(anonymous_5)","decl":{"start":{"line":81,"column":28},"end":{"line":81,"column":29}},"loc":{"start":{"line":81,"column":35},"end":{"line":81,"column":null}}},"5":{"name":"(anonymous_6)","decl":{"start":{"line":94,"column":37},"end":{"line":94,"column":38}},"loc":{"start":{"line":95,"column":18},"end":{"line":96,"column":null}}},"6":{"name":"(anonymous_7)","decl":{"start":{"line":99,"column":29},"end":{"line":99,"column":35}},"loc":{"start":{"line":99,"column":35},"end":{"line":99,"column":null}}},"7":{"name":"(anonymous_8)","decl":{"start":{"line":110,"column":34},"end":{"line":110,"column":35}},"loc":{"start":{"line":111,"column":18},"end":{"line":112,"column":null}}},"8":{"name":"(anonymous_9)","decl":{"start":{"line":115,"column":29},"end":{"line":115,"column":35}},"loc":{"start":{"line":115,"column":35},"end":{"line":115,"column":null}}}},"branchMap":{"0":{"loc":{"start":{"line":53,"column":4},"end":{"line":57,"column":null}},"type":"if","locations":[{"start":{"line":53,"column":4},"end":{"line":57,"column":null}},{"start":{},"end":{}}]},"1":{"loc":{"start":{"line":124,"column":9},"end":{"line":124,"column":null}},"type":"binary-expr","locations":[{"start":{"line":124,"column":9},"end":{"line":124,"column":null}}]}},"s":{"0":17,"1":1,"2":1,"3":1,"4":1,"5":1,"6":1,"7":1,"8":105,"9":105,"10":2,"11":2,"12":105,"13":1,"14":1,"15":1,"16":1,"17":105,"18":1,"19":1,"20":87,"21":1260,"22":1,"23":1260,"24":1},"f":{"0":105,"1":2,"2":1,"3":1,"4":87,"5":1260,"6":1,"7":1260,"8":1},"b":{"0":[1,0],"1":[105]}}
,"/Users/justynroberts/work/Notion-local/components/EmojiPicker.tsx": {"path":"/Users/justynroberts/work/Notion-local/components/EmojiPicker.tsx","statementMap":{"0":{"start":{"line":27,"column":16},"end":{"line":27,"column":28}},"1":{"start":{"line":3,"column":25},"end":{"line":3,"column":null}},"2":{"start":{"line":8,"column":7},"end":{"line":8,"column":null}},"3":{"start":{"line":9,"column":23},"end":{"line":9,"column":null}},"4":{"start":{"line":10,"column":22},"end":{"line":10,"column":null}},"5":{"start":{"line":11,"column":27},"end":{"line":11,"column":null}},"6":{"start":{"line":13,"column":25},"end":{"line":20,"column":null}},"7":{"start":{"line":28,"column":26},"end":{"line":28,"column":null}},"8":{"start":{"line":29,"column":30},"end":{"line":29,"column":null}},"9":{"start":{"line":31,"column":20},"end":{"line":31,"column":null}},"10":{"start":{"line":32,"column":25},"end":{"line":34,"column":null}},"11":{"start":{"line":33,"column":29},"end":{"line":33,"column":35}},"12":{"start":{"line":36,"column":23},"end":{"line":40,"column":null}},"13":{"start":{"line":37,"column":4},"end":{"line":37,"column":null}},"14":{"start":{"line":38,"column":4},"end":{"line":38,"column":null}},"15":{"start":{"line":39,"column":4},"end":{"line":39,"column":null}},"16":{"start":{"line":52,"column":29},"end":{"line":52,"column":null}},"17":{"start":{"line":62,"column":18},"end":{"line":63,"column":null}},"18":{"start":{"line":66,"column":35},"end":{"line":66,"column":null}},"19":{"start":{"line":74,"column":16},"end":{"line":74,"column":36}},"20":{"start":{"line":80,"column":22},"end":{"line":81,"column":null}},"21":{"start":{"line":84,"column":39},"end":{"line":84,"column":null}},"22":{"start":{"line":101,"column":27},"end":{"line":101,"column":null}}},"fnMap":{"0":{"name":"EmojiPicker","decl":{"start":{"line":27,"column":16},"end":{"line":27,"column":28}},"loc":{"start":{"line":27,"column":68},"end":{"line":109,"column":null}}},"1":{"name":"(anonymous_2)","decl":{"start":{"line":33,"column":23},"end":{"line":33,"column":29}},"loc":{"start":{"line":33,"column":29},"end":{"line":33,"column":35}}},"2":{"name":"(anonymous_3)","decl":{"start":{"line":36,"column":23},"end":{"line":36,"column":24}},"loc":{"start":{"line":36,"column":24},"end":{"line":40,"column":null}}},"3":{"name":"(anonymous_4)","decl":{"start":{"line":52,"column":22},"end":{"line":52,"column":23}},"loc":{"start":{"line":52,"column":29},"end":{"line":52,"column":null}}},"4":{"name":"(anonymous_5)","decl":{"start":{"line":61,"column":36},"end":{"line":61,"column":37}},"loc":{"start":{"line":62,"column":18},"end":{"line":63,"column":null}}},"5":{"name":"(anonymous_6)","decl":{"start":{"line":66,"column":29},"end":{"line":66,"column":35}},"loc":{"start":{"line":66,"column":35},"end":{"line":66,"column":null}}},"6":{"name":"(anonymous_7)","decl":{"start":{"line":73,"column":51},"end":{"line":73,"column":52}},"loc":{"start":{"line":74,"column":16},"end":{"line":74,"column":36}}},"7":{"name":"(anonymous_8)","decl":{"start":{"line":79,"column":32},"end":{"line":79,"column":33}},"loc":{"start":{"line":80,"column":22},"end":{"line":81,"column":null}}},"8":{"name":"(anonymous_9)","decl":{"start":{"line":84,"column":33},"end":{"line":84,"column":39}},"loc":{"start":{"line":84,"column":39},"end":{"line":84,"column":null}}},"9":{"name":"(anonymous_10)","decl":{"start":{"line":101,"column":21},"end":{"line":101,"column":27}},"loc":{"start":{"line":101,"column":27},"end":{"line":101,"column":null}}}},"branchMap":{"0":{"loc":{"start":{"line":32,"column":25},"end":{"line":34,"column":null}},"type":"cond-expr","locations":[{"start":{"line":33,"column":6},"end":{"line":33,"column":35}},{"start":{"line":34,"column":6},"end":{"line":34,"column":null}}]},"1":{"loc":{"start":{"line":59,"column":13},"end":{"line":74,"column":36}},"type":"cond-expr","locations":[{"start":{"line":60,"column":14},"end":{"line":73,"column":21}},{"start":{"line":73,"column":14},"end":{"line":74,"column":36}}]}},"s":{"0":12,"1":1,"2":1,"3":1,"4":1,"5":1,"6":1,"7":31,"8":31,"9":31,"10":31,"11":450,"12":31,"13":3,"14":3,"15":3,"16":5,"17":450,"18":0,"19":156,"20":2340,"21":2,"22":1},"f":{"0":31,"1":450,"2":3,"3":5,"4":450,"5":0,"6":156,"7":2340,"8":2,"9":1},"b":{"0":[5,26],"1":[5,26]}}
,"/Users/justynroberts/work/Notion-local/components/KeyboardShortcuts.tsx": {"path":"/Users/justynroberts/work/Notion-local/components/KeyboardShortcuts.tsx","statementMap":{"0":{"start":{"line":49,"column":16},"end":{"line":49,"column":34}},"1":{"start":{"line":8,"column":7},"end":{"line":8,"column":null}},"2":{"start":{"line":9,"column":27},"end":{"line":9,"column":null}},"3":{"start":{"line":11,"column":18},"end":{"line":42,"column":null}},"4":{"start":{"line":59,"column":14},"end":{"line":59,"column":null}},"5":{"start":{"line":65,"column":20},"end":{"line":66,"column":null}},"6":{"start":{"line":72,"column":26},"end":{"line":73,"column":null}}},"fnMap":{"0":{"name":"KeyboardShortcuts","decl":{"start":{"line":49,"column":16},"end":{"line":49,"column":34}},"loc":{"start":{"line":49,"column":80},"end":{"line":90,"column":null}}},"1":{"name":"(anonymous_2)","decl":{"start":{"line":58,"column":27},"end":{"line":58,"column":28}},"loc":{"start":{"line":59,"column":14},"end":{"line":59,"column":null}}},"2":{"name":"(anonymous_3)","decl":{"start":{"line":64,"column":41},"end":{"line":64,"column":42}},"loc":{"start":{"line":65,"column":20},"end":{"line":66,"column":null}}},"3":{"name":"(anonymous_4)","decl":{"start":{"line":71,"column":43},"end":{"line":71,"column":44}},"loc":{"start":{"line":72,"column":26},"end":{"line":73,"column":null}}}},"branchMap":{},"s":{"0":36,"1":1,"2":1,"3":1,"4":144,"5":792,"6":1296},"f":{"0":36,"1":144,"2":792,"3":1296},"b":{}}
,"/Users/justynroberts/work/Notion-local/components/SearchDialog.tsx": {"path":"/Users/justynroberts/work/Notion-local/components/SearchDialog.tsx","statementMap":{"0":{"start":{"line":22,"column":16},"end":{"line":22,"column":29}},"1":{"start":{"line":3,"column":34},"end":{"line":3,"column":null}},"2":{"start":{"line":4,"column":26},"end":{"line":4,"column":null}},"3":{"start":{"line":5,"column":33},"end":{"line":5,"column":null}},"4":{"start":{"line":10,"column":7},"end":{"line":10,"column":null}},"5":{"start":{"line":11,"column":31},"end":{"line":11,"column":null}},"6":{"start":{"line":12,"column":22},"end":{"line":12,"column":null}},"7":{"start":{"line":13,"column":27},"end":{"line":13,"column":null}},"8":{"start":{"line":23,"column":17},"end":{"line":23,"column":null}},"9":{"start":{"line":24,"column":28},"end":{"line":24,"column":null}},"10":{"start":{"line":26,"column":24},"end":{"line":40,"column":null}},"11":{"start":{"line":27,"column":4},"end":{"line":27,"column":null}},"12":{"start":{"line":27,"column":23},"end":{"line":27,"column":null}},"13":{"start":{"line":29,"column":23},"end":{"line":29,"column":null}},"14":{"start":{"line":30,"column":4},"end":{"line":39,"column":null}},"15":{"start":{"line":32,"column":27},"end":{"line":32,"column":null}},"16":{"start":{"line":34,"column":29},"end":{"line":36,"column":null}},"17":{"start":{"line":37,"column":8},"end":{"line":37,"column":null}},"18":{"start":{"line":42,"column":23},"end":{"line":46,"column":null}},"19":{"start":{"line":43,"column":4},"end":{"line":43,"column":null}},"20":{"start":{"line":44,"column":4},"end":{"line":44,"column":null}},"21":{"start":{"line":45,"column":4},"end":{"line":45,"column":null}},"22":{"start":{"line":58,"column":27},"end":{"line":58,"column":null}},"23":{"start":{"line":73,"column":16},"end":{"line":74,"column":null}},"24":{"start":{"line":75,"column":33},"end":{"line":75,"column":null}}},"fnMap":{"0":{"name":"SearchDialog","decl":{"start":{"line":22,"column":16},"end":{"line":22,"column":29}},"loc":{"start":{"line":22,"column":77},"end":{"line":95,"column":null}}},"1":{"name":"(anonymous_2)","decl":{"start":{"line":26,"column":32},"end":{"line":26,"column":null}},"loc":{"start":{"line":26,"column":32},"end":{"line":40,"column":5}}},"2":{"name":"(anonymous_3)","decl":{"start":{"line":31,"column":14},"end":{"line":31,"column":null}},"loc":{"start":{"line":31,"column":14},"end":{"line":38,"column":null}}},"3":{"name":"(anonymous_4)","decl":{"start":{"line":42,"column":23},"end":{"line":42,"column":24}},"loc":{"start":{"line":42,"column":24},"end":{"line":46,"column":null}}},"4":{"name":"(anonymous_5)","decl":{"start":{"line":58,"column":22},"end":{"line":58,"column":27}},"loc":{"start":{"line":58,"column":27},"end":{"line":58,"column":null}}},"5":{"name":"(anonymous_6)","decl":{"start":{"line":72,"column":33},"end":{"line":72,"column":null}},"loc":{"start":{"line":73,"column":16},"end":{"line":74,"column":null}}},"6":{"name":"(anonymous_7)","decl":{"start":{"line":75,"column":27},"end":{"line":75,"column":33}},"loc":{"start":{"line":75,"column":33},"end":{"line":75,"column":null}}}},"branchMap":{"0":{"loc":{"start":{"line":27,"column":4},"end":{"line":27,"column":null}},"type":"if","locations":[{"start":{"line":27,"column":4},"end":{"line":27,"column":null}},{"start":{},"end":{}}]},"1":{"loc":{"start":{"line":34,"column":29},"end":{"line":36,"column":null}},"type":"cond-expr","locations":[{"start":{"line":35,"column":12},"end":{"line":35,"column":null}},{"start":{"line":36,"column":12},"end":{"line":36,"column":null}}]},"2":{"loc":{"start":{"line":37,"column":15},"end":{"line":37,"column":null}},"type":"binary-expr","locations":[{"start":{"line":37,"column":15},"end":{"line":37,"column":29}},{"start":{"line":37,"column":29},"end":{"line":37,"column":null}}]},"3":{"loc":{"start":{"line":66,"column":12},"end":{"line":71,"column":13}},"type":"cond-expr","locations":[{"start":{"line":66,"column":12},"end":{"line":71,"column":13}}]},"4":{"loc":{"start":{"line":78,"column":45},"end":{"line":78,"column":null}},"type":"binary-expr","locations":[{"start":{"line":78,"column":45},"end":{"line":78,"column":54}},{"start":{"line":78,"column":58},"end":{"line":78,"column":null}}]},"5":{"loc":{"start":{"line":81,"column":21},"end":{"line":81,"column":30}},"type":"binary-expr","locations":[{"start":{"line":81,"column":21},"end":{"line":81,"column":30}},{"start":{"line":81,"column":34},"end":{"line":81,"column":null}}]}},"s":{"0":15,"1":1,"2":1,"3":1,"4":1,"5":1,"6":1,"7":1,"8":53,"9":53,"10":53,"11":53,"12":16,"13":37,"14":37,"15":111,"16":111,"17":111,"18":53,"19":2,"20":2,"21":2,"22":37,"23":75,"24":2},"f":{"0":53,"1":53,"2":111,"3":2,"4":37,"5":75,"6":2},"b":{"0":[16,37],"1":[111,0],"2":[111,87],"3":[10],"4":[75,1],"5":[75,75]}}
,"/Users/justynroberts/work/Notion-local/components/TemplatePicker.tsx": {"path":"/Users/justynroberts/work/Notion-local/components/TemplatePicker.tsx","statementMap":{"0":{"start":{"line":17,"column":16},"end":{"line":17,"column":31}},"1":{"start":{"line":8,"column":7},"end":{"line":8,"column":null}},"2":{"start":{"line":9,"column":50},"end":{"line":9,"column":null}},"3":{"start":{"line":26,"column":12},"end":{"line":27,"column":null}},"4":{"start":{"line":29,"column":16},"end":{"line":29,"column":null}},"5":{"start":{"line":30,"column":16},"end":{"line":30,"column":null}}},"fnMap":{"0":{"name":"TemplatePicker","decl":{"start":{"line":17,"column":16},"end":{"line":17,"column":31}},"loc":{"start":{"line":17,"column":84},"end":{"line":46,"column":null}}},"1":{"name":"(anonymous_2)","decl":{"start":{"line":25,"column":30},"end":{"line":25,"column":31}},"loc":{"start":{"line":26,"column":12},"end":{"line":27,"column":null}}},"2":{"name":"(anonymous_3)","decl":{"start":{"line":28,"column":23},"end":{"line":28,"column":null}},"loc":{"start":{"line":28,"column":23},"end":{"line":31,"column":null}}}},"branchMap":{},"s":{"0":11,"1":1,"2":1,"3":55,"4":4,"5":4},"f":{"0":11,"1":55,"2":4},"b":{}}
,"/Users/justynroberts/work/Notion-local/components/ThemeProvider.tsx": {"path":"/Users/justynroberts/work/Notion-local/components/ThemeProvider.tsx","statementMap":{"0":{"start":{"line":8,"column":16},"end":{"line":8,"column":29}},"1":{"start":{"line":64,"column":13},"end":{"line":64,"column":24}},"2":{"start":{"line":3,"column":26},"end":{"line":3,"column":null}},"3":{"start":{"line":5,"column":22},"end":{"line":5,"column":null}},"4":{"start":{"line":6,"column":21},"end":{"line":6,"column":null}},"5":{"start":{"line":9,"column":2},"end":{"line":58,"column":null}},"6":{"start":{"line":11,"column":23},"end":{"line":11,"column":null}},"7":{"start":{"line":12,"column":17},"end":{"line":12,"column":41}},"8":{"start":{"line":15,"column":4},"end":{"line":15,"column":null}},"9":{"start":{"line":15,"column":33},"end":{"line":15,"column":null}},"10":{"start":{"line":17,"column":4},"end":{"line":29,"column":null}},"11":{"start":{"line":18,"column":6},"end":{"line":25,"column":null}},"12":{"start":{"line":19,"column":27},"end":{"line":19,"column":84}},"13":{"start":{"line":20,"column":8},"end":{"line":20,"column":null}},"14":{"start":{"line":20,"column":24},"end":{"line":20,"column":null}},"15":{"start":{"line":21,"column":13},"end":{"line":25,"column":null}},"16":{"start":{"line":23,"column":13},"end":{"line":25,"column":null}},"17":{"start":{"line":24,"column":8},"end":{"line":24,"column":null}},"18":{"start":{"line":28,"column":6},"end":{"line":28,"column":null}},"19":{"start":{"line":32,"column":22},"end":{"line":32,"column":null}},"20":{"start":{"line":33,"column":17},"end":{"line":33,"column":30}},"21":{"start":{"line":36,"column":4},"end":{"line":36,"column":null}},"22":{"start":{"line":36,"column":32},"end":{"line":36,"column":null}},"23":{"start":{"line":38,"column":4},"end":{"line":42,"column":null}},"24":{"start":{"line":39,"column":6},"end":{"line":39,"column":null}},"25":{"start":{"line":41,"column":6},"end":{"line":41,"column":null}},"26":{"start":{"line":45,"column":23},"end":{"line":45,"column":null}},"27":{"start":{"line":46,"column":25},"end":{"line":54,"column":null}},"28":{"start":{"line":47,"column":27},"end":{"line":47,"column":null}},"29":{"start":{"line":48,"column":6},"end":{"line":53,"column":null}},"30":{"start":{"line":49,"column":8},"end":{"line":49,"column":null}},"31":{"start":{"line":49,"column":37},"end":{"line":49,"column":null}},"32":{"start":{"line":50,"column":8},"end":{"line":52,"column":null}},"33":{"start":{"line":51,"column":10},"end":{"line":51,"column":null}},"34":{"start":{"line":56,"column":4},"end":{"line":56,"column":null}},"35":{"start":{"line":57,"column":4},"end":{"line":57,"column":null}},"36":{"start":{"line":57,"column":17},"end":{"line":57,"column":null}},"37":{"start":{"line":64,"column":27},"end":{"line":91,"column":1}}},"fnMap":{"0":{"name":"ThemeProvider","decl":{"start":{"line":8,"column":16},"end":{"line":8,"column":29}},"loc":{"start":{"line":8,"column":73},"end":{"line":61,"column":null}}},"1":{"name":"(anonymous_4)","decl":{"start":{"line":9,"column":12},"end":{"line":9,"column":null}},"loc":{"start":{"line":9,"column":12},"end":{"line":58,"column":5}}},"2":{"name":"(anonymous_5)","decl":{"start":{"line":15,"column":26},"end":{"line":15,"column":33}},"loc":{"start":{"line":15,"column":33},"end":{"line":15,"column":null}}},"3":{"name":"(anonymous_6)","decl":{"start":{"line":36,"column":25},"end":{"line":36,"column":32}},"loc":{"start":{"line":36,"column":32},"end":{"line":36,"column":null}}},"4":{"name":"(anonymous_7)","decl":{"start":{"line":46,"column":25},"end":{"line":46,"column":null}},"loc":{"start":{"line":46,"column":25},"end":{"line":54,"column":null}}},"5":{"name":"(anonymous_8)","decl":{"start":{"line":49,"column":30},"end":{"line":49,"column":37}},"loc":{"start":{"line":49,"column":37},"end":{"line":49,"column":null}}},"6":{"name":"(anonymous_9)","decl":{"start":{"line":57,"column":11},"end":{"line":57,"column":17}},"loc":{"start":{"line":57,"column":17},"end":{"line":57,"column":null}}}},"branchMap":{"0":{"loc":{"start":{"line":17,"column":4},"end":{"line":29,"column":null}},"type":"if","locations":[{"start":{"line":17,"column":4},"end":{"line":29,"column":null}},{"start":{"line":26,"column":11},"end":{"line":29,"column":null}}]},"1":{"loc":{"start":{"line":18,"column":6},"end":{"line":25,"column":null}},"type":"if","locations":[{"start":{"line":18,"column":6},"end":{"line":25,"column":null}},{"start":{"line":21,"column":13},"end":{"line":25,"column":null}}]},"2":{"loc":{"start":{"line":20,"column":8},"end":{"line":20,"column":null}},"type":"if","locations":[{"start":{"line":20,"column":8},"end":{"line":20,"column":null}},{"start":{},"end":{}}]},"3":{"loc":{"start":{"line":21,"column":13},"end":{"line":25,"column":null}},"type":"if","locations":[{"start":{"line":21,"column":13},"end":{"line":25,"column":null}},{"start":{"line":23,"column":13},"end":{"line":25,"column":null}}]},"4":{"loc":{"start":{"line":23,"column":13},"end":{"line":25,"column":null}},"type":"if","locations":[{"start":{"line":23,"column":13},"end":{"line":25,"column":null}},{"start":{},"end":{}}]},"5":{"loc":{"start":{"line":38,"column":4},"end":{"line":42,"column":null}},"type":"if","locations":[{"start":{"line":38,"column":4},"end":{"line":42,"column":null}},{"start":{"line":40,"column":11},"end":{"line":42,"column":null}}]},"6":{"loc":{"start":{"line":48,"column":6},"end":{"line":53,"column":null}},"type":"if","locations":[{"start":{"line":48,"column":6},"end":{"line":53,"column":null}},{"start":{},"end":{}}]},"7":{"loc":{"start":{"line":50,"column":8},"end":{"line":52,"column":null}},"type":"if","locations":[{"start":{"line":50,"column":8},"end":{"line":52,"column":null}},{"start":{},"end":{}}]}},"s":{"0":13,"1":9,"2":1,"3":1,"4":1,"5":13,"6":13,"7":13,"8":13,"9":130,"10":13,"11":8,"12":2,"13":2,"14":1,"15":6,"16":5,"17":5,"18":5,"19":13,"20":13,"21":13,"22":130,"23":13,"24":2,"25":11,"26":13,"27":13,"28":0,"29":0,"30":0,"31":0,"32":0,"33":0,"34":13,"35":13,"36":13,"37":1},"f":{"0":13,"1":13,"2":130,"3":130,"4":0,"5":0,"6":13},"b":{"0":[8,5],"1":[2,6],"2":[1,1],"3":[1,5],"4":[5,0],"5":[2,11],"6":[0,0],"7":[0,0]}}
,"/Users/justynroberts/work/Notion-local/components/providers.tsx": {"path":"/Users/justynroberts/work/Notion-local/components/providers.tsx","statementMap":{"0":{"start":{"line":6,"column":16},"end":{"line":6,"column":26}},"1":{"start":{"line":3,"column":49},"end":{"line":3,"column":null}},"2":{"start":{"line":4,"column":25},"end":{"line":4,"column":null}},"3":{"start":{"line":7,"column":24},"end":{"line":15,"column":null}},"4":{"start":{"line":9,"column":6},"end":{"line":15,"column":null}}},"fnMap":{"0":{"name":"Providers","decl":{"start":{"line":6,"column":16},"end":{"line":6,"column":26}},"loc":{"start":{"line":6,"column":69},"end":{"line":23,"column":null}}},"1":{"name":"(anonymous_2)","decl":{"start":{"line":8,"column":4},"end":{"line":8,"column":null}},"loc":{"start":{"line":9,"column":6},"end":{"line":15,"column":null}}}},"branchMap":{},"s":{"0":4,"1":1,"2":1,"3":4,"4":4},"f":{"0":4,"1":4},"b":{}}
,"/Users/justynroberts/work/Notion-local/components/ui/button.tsx": {"path":"/Users/justynroberts/work/Notion-local/components/ui/button.tsx","statementMap":{"0":{"start":{"line":54,"column":9},"end":{"line":54,"column":15}},"1":{"start":{"line":54,"column":17},"end":{"line":54,"column":31}},"2":{"start":{"line":3,"column":23},"end":{"line":3,"column":null}},"3":{"start":{"line":4,"column":21},"end":{"line":4,"column":null}},"4":{"start":{"line":5,"column":39},"end":{"line":5,"column":null}},"5":{"start":{"line":6,"column":19},"end":{"line":6,"column":null}},"6":{"start":{"line":8,"column":23},"end":{"line":31,"column":null}},"7":{"start":{"line":40,"column":15},"end":{"line":50,"column":null}},"8":{"start":{"line":42,"column":17},"end":{"line":42,"column":null}},"9":{"start":{"line":52,"column":0},"end":{"line":52,"column":null}}},"fnMap":{"0":{"name":"(anonymous_6)","decl":{"start":{"line":41,"column":2},"end":{"line":41,"column":3}},"loc":{"start":{"line":41,"column":60},"end":{"line":50,"column":null}}}},"branchMap":{"0":{"loc":{"start":{"line":41,"column":31},"end":{"line":41,"column":46}},"type":"default-arg","locations":[{"start":{"line":41,"column":41},"end":{"line":41,"column":46}}]},"1":{"loc":{"start":{"line":42,"column":17},"end":{"line":42,"column":null}},"type":"cond-expr","locations":[{"start":{"line":42,"column":27},"end":{"line":42,"column":31}},{"start":{"line":42,"column":34},"end":{"line":42,"column":null}}]}},"s":{"0":2947,"1":3,"2":3,"3":3,"4":3,"5":3,"6":3,"7":3,"8":1854,"9":3},"f":{"0":1854},"b":{"0":[1853],"1":[1,1853]}}
,"/Users/justynroberts/work/Notion-local/components/ui/dialog.tsx": {"path":"/Users/justynroberts/work/Notion-local/components/ui/dialog.tsx","statementMap":{"0":{"start":{"line":111,"column":2},"end":{"line":111,"column":8}},"1":{"start":{"line":114,"column":2},"end":{"line":114,"column":13}},"2":{"start":{"line":116,"column":2},"end":{"line":116,"column":15}},"3":{"start":{"line":120,"column":2},"end":{"line":120,"column":19}},"4":{"start":{"line":118,"column":2},"end":{"line":118,"column":14}},"5":{"start":{"line":117,"column":2},"end":{"line":117,"column":14}},"6":{"start":{"line":113,"column":2},"end":{"line":113,"column":15}},"7":{"start":{"line":112,"column":2},"end":{"line":112,"column":14}},"8":{"start":{"line":119,"column":2},"end":{"line":119,"column":13}},"9":{"start":{"line":115,"column":2},"end":{"line":115,"column":15}},"10":{"start":{"line":3,"column":23},"end":{"line":3,"column":null}},"11":{"start":{"line":4,"column":33},"end":{"line":4,"column":null}},"12":{"start":{"line":5,"column":18},"end":{"line":5,"column":null}},"13":{"start":{"line":6,"column":19},"end":{"line":6,"column":null}},"14":{"start":{"line":8,"column":15},"end":{"line":8,"column":35}},"15":{"start":{"line":10,"column":22},"end":{"line":10,"column":45}},"16":{"start":{"line":12,"column":21},"end":{"line":12,"column":43}},"17":{"start":{"line":14,"column":20},"end":{"line":14,"column":41}},"18":{"start":{"line":29,"column":0},"end":{"line":29,"column":null}},"19":{"start":{"line":53,"column":0},"end":{"line":53,"column":null}},"20":{"start":{"line":67,"column":0},"end":{"line":67,"column":null}},"21":{"start":{"line":81,"column":0},"end":{"line":81,"column":null}},"22":{"start":{"line":96,"column":0},"end":{"line":96,"column":null}},"23":{"start":{"line":108,"column":0},"end":{"line":108,"column":null}}},"fnMap":{},"branchMap":{},"s":{"0":205,"1":0,"2":205,"3":0,"4":0,"5":152,"6":0,"7":0,"8":205,"9":0,"10":4,"11":4,"12":4,"13":4,"14":4,"15":4,"16":4,"17":4,"18":4,"19":4,"20":4,"21":4,"22":4,"23":4},"f":{},"b":{}}
,"/Users/justynroberts/work/Notion-local/components/ui/dropdown-menu.tsx": {"path":"/Users/justynroberts/work/Notion-local/components/ui/dropdown-menu.tsx","statementMap":{"0":{"start":{"line":184,"column":2},"end":{"line":184,"column":14}},"1":{"start":{"line":188,"column":2},"end":{"line":188,"column":26}},"2":{"start":{"line":186,"column":2},"end":{"line":186,"column":21}},"3":{"start":{"line":193,"column":2},"end":{"line":193,"column":19}},"4":{"start":{"line":187,"column":2},"end":{"line":187,"column":18}},"5":{"start":{"line":190,"column":2},"end":{"line":190,"column":19}},"6":{"start":{"line":194,"column":2},"end":{"line":194,"column":20}},"7":{"start":{"line":198,"column":2},"end":{"line":198,"column":24}},"8":{"start":{"line":189,"column":2},"end":{"line":189,"column":23}},"9":{"start":{"line":191,"column":2},"end":{"line":191,"column":23}},"10":{"start":{"line":192,"column":2},"end":{"line":192,"column":22}},"11":{"start":{"line":195,"column":2},"end":{"line":195,"column":17}},"12":{"start":{"line":196,"column":2},"end":{"line":196,"column":24}},"13":{"start":{"line":197,"column":2},"end":{"line":197,"column":24}},"14":{"start":{"line":185,"column":2},"end":{"line":185,"column":21}},"15":{"start":{"line":3,"column":23},"end":{"line":3,"column":null}},"16":{"start":{"line":4,"column":39},"end":{"line":4,"column":null}},"17":{"start":{"line":5,"column":44},"end":{"line":5,"column":null}},"18":{"start":{"line":6,"column":19},"end":{"line":6,"column":null}},"19":{"start":{"line":8,"column":21},"end":{"line":8,"column":47}},"20":{"start":{"line":10,"column":28},"end":{"line":10,"column":57}},"21":{"start":{"line":12,"column":26},"end":{"line":12,"column":53}},"22":{"start":{"line":14,"column":27},"end":{"line":14,"column":55}},"23":{"start":{"line":16,"column":24},"end":{"line":16,"column":49}},"24":{"start":{"line":18,"column":31},"end":{"line":18,"column":63}},"25":{"start":{"line":39,"column":0},"end":{"line":40,"column":null}},"26":{"start":{"line":55,"column":0},"end":{"line":56,"column":null}},"27":{"start":{"line":74,"column":0},"end":{"line":74,"column":null}},"28":{"start":{"line":92,"column":0},"end":{"line":92,"column":null}},"29":{"start":{"line":115,"column":0},"end":{"line":116,"column":null}},"30":{"start":{"line":138,"column":0},"end":{"line":138,"column":null}},"31":{"start":{"line":156,"column":0},"end":{"line":156,"column":null}},"32":{"start":{"line":168,"column":0},"end":{"line":168,"column":null}},"33":{"start":{"line":170,"column":29},"end":{"line":180,"column":null}},"34":{"start":{"line":181,"column":0},"end":{"line":181,"column":null}}},"fnMap":{"0":{"name":"(anonymous_27)","decl":{"start":{"line":170,"column":29},"end":{"line":170,"column":30}},"loc":{"start":{"line":173,"column":40},"end":{"line":180,"column":null}}}},"branchMap":{"0":{"loc":{"start":{"line":30,"column":6},"end":{"line":30,"column":null}},"type":"binary-expr","locations":[{"start":{"line":30,"column":6},"end":{"line":30,"column":15}},{"start":{"line":30,"column":15},"end":{"line":30,"column":null}}]},"1":{"loc":{"start":{"line":61,"column":16},"end":{"line":61,"column":30}},"type":"default-arg","locations":[{"start":{"line":61,"column":29},"end":{"line":61,"column":30}}]},"2":{"loc":{"start":{"line":86,"column":6},"end":{"line":86,"column":null}},"type":"binary-expr","locations":[{"start":{"line":86,"column":6},"end":{"line":86,"column":15}},{"start":{"line":86,"column":15},"end":{"line":86,"column":null}}]},"3":{"loc":{"start":{"line":150,"column":6},"end":{"line":150,"column":null}},"type":"binary-expr","locations":[{"start":{"line":150,"column":6},"end":{"line":150,"column":15}},{"start":{"line":150,"column":15},"end":{"line":150,"column":null}}]}},"s":{"0":19,"1":3,"2":19,"3":2,"4":16,"5":3,"6":1,"7":2,"8":3,"9":2,"10":3,"11":4,"12":4,"13":4,"14":19,"15":1,"16":1,"17":1,"18":1,"19":1,"20":1,"21":1,"22":1,"23":1,"24":1,"25":1,"26":1,"27":1,"28":1,"29":1,"30":1,"31":1,"32":1,"33":1,"34":1},"f":{"0":2},"b":{"0":[3,1],"1":[17],"2":[12,1],"3":[2,1]}}
,"/Users/justynroberts/work/Notion-local/components/ui/input.tsx": {"path":"/Users/justynroberts/work/Notion-local/components/ui/input.tsx","statementMap":{"0":{"start":{"line":24,"column":9},"end":{"line":24,"column":null}},"1":{"start":{"line":1,"column":23},"end":{"line":1,"column":null}},"2":{"start":{"line":2,"column":19},"end":{"line":2,"column":null}},"3":{"start":{"line":7,"column":14},"end":{"line":20,"column":null}},"4":{"start":{"line":22,"column":0},"end":{"line":22,"column":null}}},"fnMap":{"0":{"name":"(anonymous_4)","decl":{"start":{"line":8,"column":2},"end":{"line":8,"column":3}},"loc":{"start":{"line":8,"column":34},"end":{"line":20,"column":null}}}},"branchMap":{},"s":{"0":213,"1":4,"2":4,"3":4,"4":4},"f":{"0":199},"b":{}}
,"/Users/justynroberts/work/Notion-local/components/ui/popover.tsx": {"path":"/Users/justynroberts/work/Notion-local/components/ui/popover.tsx","statementMap":{"0":{"start":{"line":31,"column":9},"end":{"line":31,"column":16}},"1":{"start":{"line":31,"column":34},"end":{"line":31,"column":48}},"2":{"start":{"line":31,"column":18},"end":{"line":31,"column":32}},"3":{"start":{"line":3,"column":23},"end":{"line":3,"column":null}},"4":{"start":{"line":4,"column":34},"end":{"line":4,"column":null}},"5":{"start":{"line":6,"column":19},"end":{"line":6,"column":null}},"6":{"start":{"line":8,"column":16},"end":{"line":8,"column":37}},"7":{"start":{"line":10,"column":23},"end":{"line":10,"column":47}},"8":{"start":{"line":29,"column":0},"end":{"line":29,"column":null}}},"fnMap":{},"branchMap":{"0":{"loc":{"start":{"line":15,"column":16},"end":{"line":15,"column":32}},"type":"default-arg","locations":[{"start":{"line":15,"column":24},"end":{"line":15,"column":32}}]},"1":{"loc":{"start":{"line":15,"column":34},"end":{"line":15,"column":48}},"type":"default-arg","locations":[{"start":{"line":15,"column":47},"end":{"line":15,"column":48}}]}},"s":{"0":31,"1":31,"2":31,"3":1,"4":1,"5":1,"6":1,"7":1,"8":1},"f":{},"b":{"0":[0],"1":[31]}}
,"/Users/justynroberts/work/Notion-local/components/ui/scroll-area.tsx": {"path":"/Users/justynroberts/work/Notion-local/components/ui/scroll-area.tsx","statementMap":{"0":{"start":{"line":47,"column":9},"end":{"line":47,"column":19}},"1":{"start":{"line":47,"column":21},"end":{"line":47,"column":30}},"2":{"start":{"line":3,"column":23},"end":{"line":3,"column":null}},"3":{"start":{"line":4,"column":37},"end":{"line":4,"column":null}},"4":{"start":{"line":5,"column":19},"end":{"line":5,"column":null}},"5":{"start":{"line":23,"column":0},"end":{"line":23,"column":null}},"6":{"start":{"line":45,"column":0},"end":{"line":45,"column":null}}},"fnMap":{},"branchMap":{"0":{"loc":{"start":{"line":28,"column":16},"end":{"line":28,"column":40}},"type":"default-arg","locations":[{"start":{"line":28,"column":30},"end":{"line":28,"column":40}}]},"1":{"loc":{"start":{"line":34,"column":6},"end":{"line":35,"column":null}},"type":"binary-expr","locations":[{"start":{"line":34,"column":6},"end":{"line":34,"column":null}},{"start":{"line":35,"column":8},"end":{"line":35,"column":null}}]},"2":{"loc":{"start":{"line":36,"column":6},"end":{"line":37,"column":null}},"type":"binary-expr","locations":[{"start":{"line":36,"column":6},"end":{"line":36,"column":null}},{"start":{"line":37,"column":8},"end":{"line":37,"column":null}}]}},"s":{"0":225,"1":0,"2":4,"3":4,"4":4,"5":4,"6":4},"f":{},"b":{"0":[210],"1":[210,210],"2":[210,0]}}
,"/Users/justynroberts/work/Notion-local/components/ui/tooltip.tsx": {"path":"/Users/justynroberts/work/Notion-local/components/ui/tooltip.tsx","statementMap":{"0":{"start":{"line":29,"column":9},"end":{"line":29,"column":16}},"1":{"start":{"line":29,"column":34},"end":{"line":29,"column":48}},"2":{"start":{"line":29,"column":50},"end":{"line":29,"column":65}},"3":{"start":{"line":29,"column":18},"end":{"line":29,"column":32}},"4":{"start":{"line":3,"column":23},"end":{"line":3,"column":null}},"5":{"start":{"line":4,"column":34},"end":{"line":4,"column":null}},"6":{"start":{"line":5,"column":19},"end":{"line":5,"column":null}},"7":{"start":{"line":7,"column":24},"end":{"line":7,"column":49}},"8":{"start":{"line":9,"column":16},"end":{"line":9,"column":37}},"9":{"start":{"line":11,"column":23},"end":{"line":11,"column":47}},"10":{"start":{"line":27,"column":0},"end":{"line":27,"column":null}}},"fnMap":{},"branchMap":{"0":{"loc":{"start":{"line":16,"column":16},"end":{"line":16,"column":30}},"type":"default-arg","locations":[{"start":{"line":16,"column":29},"end":{"line":16,"column":30}}]}},"s":{"0":4,"1":4,"2":5,"3":4,"4":1,"5":1,"6":1,"7":1,"8":1,"9":1,"10":1},"f":{},"b":{"0":[3]}}
,"/Users/justynroberts/work/Notion-local/components/ui/visually-hidden.tsx": {"path":"/Users/justynroberts/work/Notion-local/components/ui/visually-hidden.tsx","statementMap":{"0":{"start":{"line":6,"column":9},"end":{"line":6,"column":null}},"1":{"start":{"line":1,"column":23},"end":{"line":1,"column":null}},"2":{"start":{"line":2,"column":41},"end":{"line":2,"column":null}},"3":{"start":{"line":4,"column":23},"end":{"line":4,"column":51}}},"fnMap":{},"branchMap":{},"s":{"0":53,"1":1,"2":1,"3":1},"f":{},"b":{}}
,"/Users/justynroberts/work/Notion-local/lib/templates.ts": {"path":"/Users/justynroberts/work/Notion-local/lib/templates.ts","statementMap":{"0":{"start":{"line":9,"column":13},"end":{"line":9,"column":27}},"1":{"start":{"line":133,"column":16},"end":{"line":133,"column":31}},"2":{"start":{"line":9,"column":46},"end":{"line":131,"column":null}},"3":{"start":{"line":134,"column":2},"end":{"line":134,"column":null}},"4":{"start":{"line":134,"column":34},"end":{"line":134,"column":null}}},"fnMap":{"0":{"name":"getTemplateById","decl":{"start":{"line":133,"column":16},"end":{"line":133,"column":31}},"loc":{"start":{"line":133,"column":42},"end":{"line":135,"column":null}}},"1":{"name":"(anonymous_4)","decl":{"start":{"line":134,"column":29},"end":{"line":134,"column":34}},"loc":{"start":{"line":134,"column":34},"end":{"line":134,"column":null}}}},"branchMap":{},"s":{"0":38,"1":9,"2":3,"3":9,"4":31},"f":{"0":9,"1":31},"b":{}}
,"/Users/justynroberts/work/Notion-local/lib/utils.ts": {"path":"/Users/justynroberts/work/Notion-local/lib/utils.ts","statementMap":{"0":{"start":{"line":4,"column":16},"end":{"line":4,"column":19}},"1":{"start":{"line":1,"column":38},"end":{"line":1,"column":null}},"2":{"start":{"line":2,"column":24},"end":{"line":2,"column":null}},"3":{"start":{"line":5,"column":2},"end":{"line":5,"column":null}}},"fnMap":{"0":{"name":"cn","decl":{"start":{"line":4,"column":16},"end":{"line":4,"column":19}},"loc":{"start":{"line":4,"column":42},"end":{"line":6,"column":null}}}},"branchMap":{},"s":{"0":3397,"1":10,"2":10,"3":3397},"f":{"0":3397},"b":{}}
,"/Users/justynroberts/work/Notion-local/lib/ai/providers.ts": {"path":"/Users/justynroberts/work/Notion-local/lib/ai/providers.ts","statementMap":{"0":{"start":{"line":104,"column":13},"end":{"line":104,"column":23}},"1":{"start":{"line":37,"column":22},"end":{"line":37,"column":28}},"2":{"start":{"line":24,"column":16},"end":{"line":24,"column":29}},"3":{"start":{"line":64,"column":22},"end":{"line":64,"column":30}},"4":{"start":{"line":25,"column":2},"end":{"line":25,"column":null}},"5":{"start":{"line":25,"column":37},"end":{"line":25,"column":null}},"6":{"start":{"line":27,"column":16},"end":{"line":27,"column":null}},"7":{"start":{"line":28,"column":2},"end":{"line":28,"column":null}},"8":{"start":{"line":28,"column":14},"end":{"line":28,"column":null}},"9":{"start":{"line":30,"column":2},"end":{"line":34,"column":null}},"10":{"start":{"line":31,"column":4},"end":{"line":31,"column":null}},"11":{"start":{"line":33,"column":4},"end":{"line":33,"column":null}},"12":{"start":{"line":41,"column":17},"end":{"line":41,"column":null}},"13":{"start":{"line":43,"column":2},"end":{"line":45,"column":null}},"14":{"start":{"line":44,"column":4},"end":{"line":44,"column":null}},"15":{"start":{"line":47,"column":19},"end":{"line":54,"column":null}},"16":{"start":{"line":56,"column":2},"end":{"line":59,"column":null}},"17":{"start":{"line":57,"column":18},"end":{"line":57,"column":null}},"18":{"start":{"line":58,"column":4},"end":{"line":58,"column":null}},"19":{"start":{"line":61,"column":2},"end":{"line":61,"column":null}},"20":{"start":{"line":69,"column":17},"end":{"line":69,"column":null}},"21":{"start":{"line":71,"column":2},"end":{"line":73,"column":null}},"22":{"start":{"line":72,"column":4},"end":{"line":72,"column":null}},"23":{"start":{"line":75,"column":19},"end":{"line":82,"column":null}},"24":{"start":{"line":84,"column":2},"end":{"line":87,"column":null}},"25":{"start":{"line":85,"column":18},"end":{"line":85,"column":null}},"26":{"start":{"line":86,"column":4},"end":{"line":86,"column":null}},"27":{"start":{"line":89,"column":17},"end":{"line":89,"column":null}},"28":{"start":{"line":90,"column":2},"end":{"line":90,"column":null}},"29":{"start":{"line":90,"column":15},"end":{"line":90,"column":null}},"30":{"start":{"line":92,"column":18},"end":{"line":92,"column":null}},"31":{"start":{"line":94,"column":2},"end":{"line":100,"column":null}},"32":{"start":{"line":95,"column":28},"end":{"line":95,"column":null}},"33":{"start":{"line":96,"column":4},"end":{"line":96,"column":null}},"34":{"start":{"line":96,"column":14},"end":{"line":96,"column":null}},"35":{"start":{"line":98,"column":17},"end":{"line":98,"column":null}},"36":{"start":{"line":99,"column":4},"end":{"line":99,"column":null}},"37":{"start":{"line":104,"column":26},"end":{"line":130,"column":null}},"38":{"start":{"line":105,"column":29},"end":{"line":105,"column":165}},"39":{"start":{"line":107,"column":28},"end":{"line":107,"column":155}},"40":{"start":{"line":109,"column":31},"end":{"line":109,"column":132}},"41":{"start":{"line":111,"column":32},"end":{"line":111,"column":159}},"42":{"start":{"line":113,"column":49},"end":{"line":113,"column":159}},"43":{"start":{"line":115,"column":30},"end":{"line":115,"column":160}},"44":{"start":{"line":117,"column":32},"end":{"line":117,"column":171}},"45":{"start":{"line":119,"column":33},"end":{"line":119,"column":163}},"46":{"start":{"line":121,"column":42},"end":{"line":121,"column":130}},"47":{"start":{"line":123,"column":37},"end":{"line":123,"column":140}},"48":{"start":{"line":125,"column":36},"end":{"line":125,"column":132}},"49":{"start":{"line":127,"column":33},"end":{"line":127,"column":106}},"50":{"start":{"line":129,"column":54},"end":{"line":129,"column":157}}},"fnMap":{"0":{"name":"getAISettings","decl":{"start":{"line":24,"column":16},"end":{"line":24,"column":29}},"loc":{"start":{"line":24,"column":16},"end":{"line":35,"column":null}}},"1":{"name":"callAI","decl":{"start":{"line":37,"column":22},"end":{"line":37,"column":28}},"loc":{"start":{"line":39,"column":23},"end":{"line":62,"column":null}}},"2":{"name":"streamAI","decl":{"start":{"line":64,"column":22},"end":{"line":64,"column":30}},"loc":{"start":{"line":67,"column":23},"end":{"line":101,"column":null}}},"3":{"name":"(anonymous_8)","decl":{"start":{"line":105,"column":11},"end":{"line":105,"column":12}},"loc":{"start":{"line":105,"column":29},"end":{"line":105,"column":165}}},"4":{"name":"(anonymous_9)","decl":{"start":{"line":107,"column":10},"end":{"line":107,"column":11}},"loc":{"start":{"line":107,"column":28},"end":{"line":107,"column":155}}},"5":{"name":"(anonymous_10)","decl":{"start":{"line":109,"column":13},"end":{"line":109,"column":14}},"loc":{"start":{"line":109,"column":31},"end":{"line":109,"column":132}}},"6":{"name":"(anonymous_11)","decl":{"start":{"line":111,"column":14},"end":{"line":111,"column":15}},"loc":{"start":{"line":111,"column":32},"end":{"line":111,"column":159}}},"7":{"name":"(anonymous_12)","decl":{"start":{"line":113,"column":13},"end":{"line":113,"column":14}},"loc":{"start":{"line":113,"column":49},"end":{"line":113,"column":159}}},"8":{"name":"(anonymous_13)","decl":{"start":{"line":115,"column":12},"end":{"line":115,"column":13}},"loc":{"start":{"line":115,"column":30},"end":{"line":115,"column":160}}},"9":{"name":"(anonymous_14)","decl":{"start":{"line":117,"column":14},"end":{"line":117,"column":15}},"loc":{"start":{"line":117,"column":32},"end":{"line":117,"column":171}}},"10":{"name":"(anonymous_15)","decl":{"start":{"line":119,"column":15},"end":{"line":119,"column":16}},"loc":{"start":{"line":119,"column":33},"end":{"line":119,"column":163}}},"11":{"name":"(anonymous_16)","decl":{"start":{"line":121,"column":22},"end":{"line":121,"column":23}},"loc":{"start":{"line":121,"column":42},"end":{"line":121,"column":130}}},"12":{"name":"(anonymous_17)","decl":{"start":{"line":123,"column":17},"end":{"line":123,"column":18}},"loc":{"start":{"line":123,"column":37},"end":{"line":123,"column":140}}},"13":{"name":"(anonymous_18)","decl":{"start":{"line":125,"column":16},"end":{"line":125,"column":17}},"loc":{"start":{"line":125,"column":36},"end":{"line":125,"column":132}}},"14":{"name":"(anonymous_19)","decl":{"start":{"line":127,"column":15},"end":{"line":127,"column":16}},"loc":{"start":{"line":127,"column":33},"end":{"line":127,"column":106}}},"15":{"name":"(anonymous_20)","decl":{"start":{"line":129,"column":15},"end":{"line":129,"column":16}},"loc":{"start":{"line":129,"column":54},"end":{"line":129,"column":157}}}},"branchMap":{"0":{"loc":{"start":{"line":25,"column":2},"end":{"line":25,"column":null}},"type":"if","locations":[{"start":{"line":25,"column":2},"end":{"line":25,"column":null}},{"start":{},"end":{}}]},"1":{"loc":{"start":{"line":28,"column":2},"end":{"line":28,"column":null}},"type":"if","locations":[{"start":{"line":28,"column":2},"end":{"line":28,"column":null}},{"start":{},"end":{}}]},"2":{"loc":{"start":{"line":41,"column":17},"end":{"line":41,"column":null}},"type":"binary-expr","locations":[{"start":{"line":41,"column":17},"end":{"line":41,"column":29}},{"start":{"line":41,"column":29},"end":{"line":41,"column":null}}]},"3":{"loc":{"start":{"line":43,"column":2},"end":{"line":45,"column":null}},"type":"if","locations":[{"start":{"line":43,"column":2},"end":{"line":45,"column":null}},{"start":{},"end":{}}]},"4":{"loc":{"start":{"line":56,"column":2},"end":{"line":59,"column":null}},"type":"if","locations":[{"start":{"line":56,"column":2},"end":{"line":59,"column":null}},{"start":{},"end":{}}]},"5":{"loc":{"start":{"line":58,"column":20},"end":{"line":58,"column":null}},"type":"binary-expr","locations":[{"start":{"line":58,"column":20},"end":{"line":58,"column":31}},{"start":{"line":58,"column":35},"end":{"line":58,"column":null}}]},"6":{"loc":{"start":{"line":69,"column":17},"end":{"line":69,"column":null}},"type":"binary-expr","locations":[{"start":{"line":69,"column":17},"end":{"line":69,"column":29}},{"start":{"line":69,"column":29},"end":{"line":69,"column":null}}]},"7":{"loc":{"start":{"line":71,"column":2},"end":{"line":73,"column":null}},"type":"if","locations":[{"start":{"line":71,"column":2},"end":{"line":73,"column":null}},{"start":{},"end":{}}]},"8":{"loc":{"start":{"line":84,"column":2},"end":{"line":87,"column":null}},"type":"if","locations":[{"start":{"line":84,"column":2},"end":{"line":87,"column":null}},{"start":{},"end":{}}]},"9":{"loc":{"start":{"line":86,"column":20},"end":{"line":86,"column":null}},"type":"binary-expr","locations":[{"start":{"line":86,"column":20},"end":{"line":86,"column":31}},{"start":{"line":86,"column":35},"end":{"line":86,"column":null}}]},"10":{"loc":{"start":{"line":90,"column":2},"end":{"line":90,"column":null}},"type":"if","locations":[{"start":{"line":90,"column":2},"end":{"line":90,"column":null}},{"start":{},"end":{}}]},"11":{"loc":{"start":{"line":96,"column":4},"end":{"line":96,"column":null}},"type":"if","locations":[{"start":{"line":96,"column":4},"end":{"line":96,"column":null}},{"start":{},"end":{}}]}},"s":{"0":13,"1":5,"2":3,"3":4,"4":6,"5":0,"6":6,"7":6,"8":3,"9":3,"10":3,"11":1,"12":5,"13":5,"14":1,"15":4,"16":4,"17":2,"18":2,"19":2,"20":4,"21":4,"22":1,"23":3,"24":3,"25":1,"26":1,"27":2,"28":2,"29":1,"30":1,"31":1,"32":4,"33":4,"34":1,"35":3,"36":3,"37":1,"38":1,"39":1,"40":1,"41":1,"42":1,"43":1,"44":1,"45":1,"46":1,"47":1,"48":1,"49":1,"50":1},"f":{"0":6,"1":5,"2":4,"3":1,"4":1,"5":1,"6":1,"7":1,"8":1,"9":1,"10":1,"11":1,"12":1,"13":1,"14":1,"15":1},"b":{"0":[0,6],"1":[3,3],"2":[5,2],"3":[1,4],"4":[2,2],"5":[2,1],"6":[4,1],"7":[1,3],"8":[1,2],"9":[1,0],"10":[1,1],"11":[1,3]}}
}
