TN:
SF:app/api/ai/chat/route.ts
FN:21,POST
FN:37,(anonymous_2)
FN:38,(anonymous_3)
FN:51,(anonymous_4)
FN:83,(anonymous_5)
FN:130,(anonymous_6)
FNF:6
FNH:6
FNDA:14,POST
FNDA:2,(anonymous_2)
FNDA:3,(anonymous_3)
FNDA:2,(anonymous_4)
FNDA:8,(anonymous_5)
FNDA:2,(anonymous_6)
DA:1,1
DA:21,14
DA:22,14
DA:23,14
DA:24,13
DA:25,13
DA:27,13
DA:28,1
DA:31,12
DA:32,3
DA:33,1
DA:37,2
DA:38,3
DA:40,2
DA:51,2
DA:58,2
DA:59,1
DA:60,1
DA:66,1
DA:68,1
DA:78,9
DA:79,5
DA:82,5
DA:84,8
DA:85,6
DA:86,1
DA:90,5
DA:100,4
DA:101,1
DA:104,3
DA:106,3
DA:116,4
DA:117,3
DA:118,1
DA:121,2
DA:130,2
DA:137,2
DA:138,1
DA:139,1
DA:145,1
DA:147,1
DA:157,1
DA:159,2
DA:160,2
LF:44
LH:44
BRDA:24,0,0,13
BRDA:27,1,0,1
BRDA:27,1,1,12
BRDA:27,2,0,13
BRDA:27,2,1,13
BRDA:31,3,0,3
BRDA:31,3,1,9
BRDA:32,4,0,1
BRDA:32,4,1,2
BRDA:40,5,0,2
BRDA:40,5,1,0
BRDA:48,6,0,2
BRDA:48,6,1,0
BRDA:58,7,0,1
BRDA:58,7,1,1
BRDA:61,8,0,1
BRDA:61,8,1,0
BRDA:69,9,0,1
BRDA:69,9,1,0
BRDA:78,10,0,5
BRDA:78,10,1,4
BRDA:79,11,0,5
BRDA:79,11,1,1
BRDA:84,12,0,2
BRDA:84,12,1,6
BRDA:85,13,0,5
BRDA:85,13,1,1
BRDA:100,14,0,1
BRDA:100,14,1,3
BRDA:107,15,0,3
BRDA:107,15,1,0
BRDA:116,16,0,3
BRDA:116,16,1,1
BRDA:117,17,0,1
BRDA:117,17,1,2
BRDA:121,18,0,2
BRDA:121,18,1,0
BRDA:128,19,0,2
BRDA:128,19,1,0
BRDA:137,20,0,1
BRDA:137,20,1,1
BRDA:140,21,0,1
BRDA:140,21,1,0
BRDA:148,22,0,1
BRDA:148,22,1,0
BRDA:161,23,0,2
BRDA:161,23,1,0
BRF:47
BRH:37
end_of_record
TN:
SF:app/api/ai/models/route.ts
FN:13,POST
FN:31,(anonymous_2)
FNF:2
FNH:2
FNDA:9,POST
FNDA:2,(anonymous_2)
DA:1,1
DA:13,9
DA:14,9
DA:15,9
DA:17,8
DA:18,5
DA:20,5
DA:21,5
DA:23,4
DA:24,1
DA:30,3
DA:31,3
DA:37,3
DA:42,1
DA:50,3
DA:51,1
DA:61,2
DA:62,1
DA:73,1
DA:78,1
DA:79,1
LF:21
LH:21
BRDA:17,0,0,5
BRDA:17,0,1,3
BRDA:18,1,0,5
BRDA:18,1,1,1
BRDA:23,2,0,1
BRDA:23,2,1,3
BRDA:31,3,0,3
BRDA:31,3,1,0
BRDA:50,4,0,1
BRDA:50,4,1,2
BRDA:61,5,0,1
BRDA:61,5,1,1
BRDA:80,6,0,1
BRDA:80,6,1,0
BRF:14
BRH:12
end_of_record
TN:
SF:app/api/ai/test/route.ts
FN:10,POST
FN:59,(anonymous_2)
FN:62,(anonymous_3)
FNF:3
FNH:3
FNDA:16,POST
FNDA:6,(anonymous_2)
FNDA:5,(anonymous_3)
DA:1,1
DA:10,16
DA:11,16
DA:12,16
DA:13,15
DA:15,15
DA:16,4
DA:17,1
DA:20,3
DA:34,3
DA:35,2
DA:37,1
DA:38,1
DA:45,11
DA:46,6
DA:49,6
DA:50,6
DA:51,5
DA:52,1
DA:58,4
DA:59,6
DA:62,5
DA:64,4
DA:65,1
DA:72,3
DA:82,3
DA:83,2
DA:85,1
DA:91,1
DA:98,5
DA:99,4
DA:100,1
DA:103,3
DA:116,3
DA:117,2
DA:119,1
DA:120,1
DA:127,1
DA:129,1
DA:130,1
LF:40
LH:40
BRDA:15,0,0,4
BRDA:15,0,1,11
BRDA:16,1,0,1
BRDA:16,1,1,3
BRDA:20,2,0,3
BRDA:20,2,1,1
BRDA:28,3,0,3
BRDA:28,3,1,0
BRDA:34,4,0,2
BRDA:34,4,1,1
BRDA:39,5,0,1
BRDA:39,5,1,0
BRDA:45,6,0,6
BRDA:45,6,1,5
BRDA:46,7,0,6
BRDA:46,7,1,1
BRDA:51,8,0,1
BRDA:51,8,1,4
BRDA:59,9,0,4
BRDA:59,9,1,0
BRDA:64,10,0,1
BRDA:64,10,1,3
BRDA:64,11,0,4
BRDA:64,11,1,1
BRDA:82,12,0,2
BRDA:82,12,1,1
BRDA:98,13,0,4
BRDA:98,13,1,1
BRDA:99,14,0,1
BRDA:99,14,1,3
BRDA:103,15,0,3
BRDA:103,15,1,1
BRDA:110,16,0,3
BRDA:110,16,1,0
BRDA:116,17,0,2
BRDA:116,17,1,1
BRDA:121,18,0,1
BRDA:121,18,1,0
BRDA:131,19,0,1
BRDA:131,19,1,0
BRF:40
BRH:34
end_of_record
TN:
SF:app/api/health/route.ts
FN:5,GET
FNF:1
FNH:1
FNDA:11,GET
DA:1,1
DA:2,1
DA:3,1
DA:5,11
DA:6,11
DA:8,11
DA:10,7
DA:11,3
DA:21,4
DA:28,4
DA:29,4
LF:11
LH:11
BRDA:10,0,0,3
BRDA:10,0,1,4
BRDA:10,1,0,7
BRDA:10,1,1,5
BRDA:24,2,0,4
BRDA:24,2,1,0
BRDA:33,3,0,3
BRDA:33,3,1,1
BRF:8
BRH:7
end_of_record
TN:
SF:app/api/templates/route.ts
FN:4,GET
FNF:1
FNH:1
FNDA:5,GET
DA:1,1
DA:2,1
DA:4,5
DA:5,5
LF:4
LH:4
BRF:0
BRH:0
end_of_record
TN:
SF:components/CoverPicker.tsx
FN:44,CoverPicker
FN:47,(anonymous_2)
FN:52,(anonymous_3)
FN:60,(anonymous_4)
FN:81,(anonymous_5)
FN:94,(anonymous_6)
FN:99,(anonymous_7)
FN:110,(anonymous_8)
FN:115,(anonymous_9)
FNF:9
FNH:9
FNDA:105,CoverPicker
FNDA:2,(anonymous_2)
FNDA:1,(anonymous_3)
FNDA:1,(anonymous_4)
FNDA:87,(anonymous_5)
FNDA:1260,(anonymous_6)
FNDA:1,(anonymous_7)
FNDA:1260,(anonymous_8)
FNDA:1,(anonymous_9)
DA:3,1
DA:9,1
DA:10,1
DA:11,1
DA:12,1
DA:15,1
DA:31,1
DA:44,17
DA:45,105
DA:47,105
DA:48,2
DA:49,2
DA:52,105
DA:53,1
DA:54,1
DA:55,1
DA:56,1
DA:60,105
DA:61,1
DA:62,1
DA:81,87
DA:95,1260
DA:99,1
DA:111,1260
DA:115,1
LF:25
LH:25
BRDA:53,0,0,1
BRDA:53,0,1,0
BRDA:124,1,0,105
BRF:3
BRH:2
end_of_record
TN:
SF:components/EmojiPicker.tsx
FN:27,EmojiPicker
FN:33,(anonymous_2)
FN:36,(anonymous_3)
FN:52,(anonymous_4)
FN:61,(anonymous_5)
FN:66,(anonymous_6)
FN:73,(anonymous_7)
FN:79,(anonymous_8)
FN:84,(anonymous_9)
FN:101,(anonymous_10)
FNF:10
FNH:9
FNDA:31,EmojiPicker
FNDA:450,(anonymous_2)
FNDA:3,(anonymous_3)
FNDA:5,(anonymous_4)
FNDA:450,(anonymous_5)
FNDA:0,(anonymous_6)
FNDA:156,(anonymous_7)
FNDA:2340,(anonymous_8)
FNDA:2,(anonymous_9)
FNDA:1,(anonymous_10)
DA:3,1
DA:8,1
DA:9,1
DA:10,1
DA:11,1
DA:13,1
DA:27,12
DA:28,31
DA:29,31
DA:31,31
DA:32,31
DA:33,450
DA:36,31
DA:37,3
DA:38,3
DA:39,3
DA:52,5
DA:62,450
DA:66,0
DA:74,156
DA:80,2340
DA:84,2
DA:101,1
LF:23
LH:22
BRDA:32,0,0,5
BRDA:32,0,1,26
BRDA:59,1,0,5
BRDA:59,1,1,26
BRF:4
BRH:4
end_of_record
TN:
SF:components/KeyboardShortcuts.tsx
FN:49,KeyboardShortcuts
FN:58,(anonymous_2)
FN:64,(anonymous_3)
FN:71,(anonymous_4)
FNF:4
FNH:4
FNDA:36,KeyboardShortcuts
FNDA:144,(anonymous_2)
FNDA:792,(anonymous_3)
FNDA:1296,(anonymous_4)
DA:8,1
DA:9,1
DA:11,1
DA:49,36
DA:59,144
DA:65,792
DA:72,1296
LF:7
LH:7
BRF:0
BRH:0
end_of_record
TN:
SF:components/SearchDialog.tsx
FN:22,SearchDialog
FN:26,(anonymous_2)
FN:31,(anonymous_3)
FN:42,(anonymous_4)
FN:58,(anonymous_5)
FN:72,(anonymous_6)
FN:75,(anonymous_7)
FNF:7
FNH:7
FNDA:53,SearchDialog
FNDA:53,(anonymous_2)
FNDA:111,(anonymous_3)
FNDA:2,(anonymous_4)
FNDA:37,(anonymous_5)
FNDA:75,(anonymous_6)
FNDA:2,(anonymous_7)
DA:3,1
DA:4,1
DA:5,1
DA:10,1
DA:11,1
DA:12,1
DA:13,1
DA:22,15
DA:23,53
DA:24,53
DA:26,53
DA:27,53
DA:29,37
DA:30,37
DA:32,111
DA:34,111
DA:37,111
DA:42,53
DA:43,2
DA:44,2
DA:45,2
DA:58,37
DA:73,75
DA:75,2
LF:24
LH:24
BRDA:27,0,0,16
BRDA:27,0,1,37
BRDA:34,1,0,111
BRDA:34,1,1,0
BRDA:37,2,0,111
BRDA:37,2,1,87
BRDA:66,3,0,10
BRDA:78,4,0,75
BRDA:78,4,1,1
BRDA:81,5,0,75
BRDA:81,5,1,75
BRF:11
BRH:10
end_of_record
TN:
SF:components/TemplatePicker.tsx
FN:17,TemplatePicker
FN:25,(anonymous_2)
FN:28,(anonymous_3)
FNF:3
FNH:3
FNDA:11,TemplatePicker
FNDA:55,(anonymous_2)
FNDA:4,(anonymous_3)
DA:8,1
DA:9,1
DA:17,11
DA:26,55
DA:29,4
DA:30,4
LF:6
LH:6
BRF:0
BRH:0
end_of_record
TN:
SF:components/ThemeProvider.tsx
FN:8,ThemeProvider
FN:9,(anonymous_4)
FN:15,(anonymous_5)
FN:36,(anonymous_6)
FN:46,(anonymous_7)
FN:49,(anonymous_8)
FN:57,(anonymous_9)
FNF:7
FNH:5
FNDA:13,ThemeProvider
FNDA:13,(anonymous_4)
FNDA:130,(anonymous_5)
FNDA:130,(anonymous_6)
FNDA:0,(anonymous_7)
FNDA:0,(anonymous_8)
FNDA:13,(anonymous_9)
DA:3,1
DA:5,1
DA:6,1
DA:8,13
DA:9,13
DA:11,13
DA:12,13
DA:15,130
DA:17,13
DA:18,8
DA:19,2
DA:20,2
DA:21,6
DA:23,5
DA:24,5
DA:28,5
DA:32,13
DA:33,13
DA:36,130
DA:38,13
DA:39,2
DA:41,11
DA:45,13
DA:46,13
DA:47,0
DA:48,0
DA:49,0
DA:50,0
DA:51,0
DA:56,13
DA:57,13
DA:64,9
LF:32
LH:27
BRDA:17,0,0,8
BRDA:17,0,1,5
BRDA:18,1,0,2
BRDA:18,1,1,6
BRDA:20,2,0,1
BRDA:20,2,1,1
BRDA:21,3,0,1
BRDA:21,3,1,5
BRDA:23,4,0,5
BRDA:23,4,1,0
BRDA:38,5,0,2
BRDA:38,5,1,11
BRDA:48,6,0,0
BRDA:48,6,1,0
BRDA:50,7,0,0
BRDA:50,7,1,0
BRF:16
BRH:11
end_of_record
TN:
SF:components/providers.tsx
FN:6,Providers
FN:8,(anonymous_2)
FNF:2
FNH:2
FNDA:4,Providers
FNDA:4,(anonymous_2)
DA:3,1
DA:4,1
DA:6,4
DA:7,4
DA:9,4
LF:5
LH:5
BRF:0
BRH:0
end_of_record
TN:
SF:components/ui/button.tsx
FN:41,(anonymous_6)
FNF:1
FNH:1
FNDA:1854,(anonymous_6)
DA:3,3
DA:4,3
DA:5,3
DA:6,3
DA:8,3
DA:40,3
DA:42,1854
DA:52,3
DA:54,2947
LF:9
LH:9
BRDA:41,0,0,1853
BRDA:42,1,0,1
BRDA:42,1,1,1853
BRF:3
BRH:3
end_of_record
TN:
SF:components/ui/dialog.tsx
FNF:0
FNH:0
DA:3,4
DA:4,4
DA:5,4
DA:6,4
DA:8,4
DA:10,4
DA:12,4
DA:14,4
DA:29,4
DA:53,4
DA:67,4
DA:81,4
DA:96,4
DA:108,4
DA:111,205
DA:112,0
DA:113,0
DA:114,0
DA:115,0
DA:116,205
DA:117,152
DA:118,0
DA:119,205
DA:120,0
LF:24
LH:18
BRF:0
BRH:0
end_of_record
TN:
SF:components/ui/dropdown-menu.tsx
FN:170,(anonymous_27)
FNF:1
FNH:1
FNDA:2,(anonymous_27)
DA:3,1
DA:4,1
DA:5,1
DA:6,1
DA:8,1
DA:10,1
DA:12,1
DA:14,1
DA:16,1
DA:18,1
DA:39,1
DA:55,1
DA:74,1
DA:92,1
DA:115,1
DA:138,1
DA:156,1
DA:168,1
DA:170,1
DA:181,1
DA:184,19
DA:185,19
DA:186,19
DA:187,16
DA:188,3
DA:189,3
DA:190,3
DA:191,2
DA:192,3
DA:193,2
DA:194,1
DA:195,4
DA:196,4
DA:197,4
DA:198,2
LF:35
LH:35
BRDA:30,0,0,3
BRDA:30,0,1,1
BRDA:61,1,0,17
BRDA:86,2,0,12
BRDA:86,2,1,1
BRDA:150,3,0,2
BRDA:150,3,1,1
BRF:7
BRH:7
end_of_record
TN:
SF:components/ui/input.tsx
FN:8,(anonymous_4)
FNF:1
FNH:1
FNDA:199,(anonymous_4)
DA:1,4
DA:2,4
DA:7,4
DA:22,4
DA:24,213
LF:5
LH:5
BRF:0
BRH:0
end_of_record
TN:
SF:components/ui/popover.tsx
FNF:0
FNH:0
DA:3,1
DA:4,1
DA:6,1
DA:8,1
DA:10,1
DA:29,1
DA:31,31
LF:7
LH:7
BRDA:15,0,0,0
BRDA:15,1,0,31
BRF:2
BRH:1
end_of_record
TN:
SF:components/ui/scroll-area.tsx
FNF:0
FNH:0
DA:3,4
DA:4,4
DA:5,4
DA:23,4
DA:45,4
DA:47,225
LF:6
LH:6
BRDA:28,0,0,210
BRDA:34,1,0,210
BRDA:34,1,1,210
BRDA:36,2,0,210
BRDA:36,2,1,0
BRF:5
BRH:4
end_of_record
TN:
SF:components/ui/tooltip.tsx
FNF:0
FNH:0
DA:3,1
DA:4,1
DA:5,1
DA:7,1
DA:9,1
DA:11,1
DA:27,1
DA:29,5
LF:8
LH:8
BRDA:16,0,0,3
BRF:1
BRH:1
end_of_record
TN:
SF:components/ui/visually-hidden.tsx
FNF:0
FNH:0
DA:1,1
DA:2,1
DA:4,1
DA:6,53
LF:4
LH:4
BRF:0
BRH:0
end_of_record
TN:
SF:lib/templates.ts
FN:133,getTemplateById
FN:134,(anonymous_4)
FNF:2
FNH:2
FNDA:9,getTemplateById
FNDA:31,(anonymous_4)
DA:9,38
DA:133,9
DA:134,31
LF:3
LH:3
BRF:0
BRH:0
end_of_record
TN:
SF:lib/utils.ts
FN:4,cn
FNF:1
FNH:1
FNDA:3397,cn
DA:1,10
DA:2,10
DA:4,3397
DA:5,3397
LF:4
LH:4
BRF:0
BRH:0
end_of_record
TN:
SF:lib/ai/providers.ts
FN:24,getAISettings
FN:37,callAI
FN:64,streamAI
FN:105,(anonymous_8)
FN:107,(anonymous_9)
FN:109,(anonymous_10)
FN:111,(anonymous_11)
FN:113,(anonymous_12)
FN:115,(anonymous_13)
FN:117,(anonymous_14)
FN:119,(anonymous_15)
FN:121,(anonymous_16)
FN:123,(anonymous_17)
FN:125,(anonymous_18)
FN:127,(anonymous_19)
FN:129,(anonymous_20)
FNF:16
FNH:16
FNDA:6,getAISettings
FNDA:5,callAI
FNDA:4,streamAI
FNDA:1,(anonymous_8)
FNDA:1,(anonymous_9)
FNDA:1,(anonymous_10)
FNDA:1,(anonymous_11)
FNDA:1,(anonymous_12)
FNDA:1,(anonymous_13)
FNDA:1,(anonymous_14)
FNDA:1,(anonymous_15)
FNDA:1,(anonymous_16)
FNDA:1,(anonymous_17)
FNDA:1,(anonymous_18)
FNDA:1,(anonymous_19)
FNDA:1,(anonymous_20)
DA:24,3
DA:25,6
DA:27,6
DA:28,6
DA:30,3
DA:31,3
DA:33,1
DA:37,5
DA:41,5
DA:43,5
DA:44,1
DA:47,4
DA:56,4
DA:57,2
DA:58,2
DA:61,2
DA:64,4
DA:69,4
DA:71,4
DA:72,1
DA:75,3
DA:84,3
DA:85,1
DA:86,1
DA:89,2
DA:90,2
DA:92,1
DA:94,1
DA:95,4
DA:96,4
DA:98,3
DA:99,3
DA:104,13
DA:105,1
DA:107,1
DA:109,1
DA:111,1
DA:113,1
DA:115,1
DA:117,1
DA:119,1
DA:121,1
DA:123,1
DA:125,1
DA:127,1
DA:129,1
LF:46
LH:46
BRDA:25,0,0,0
BRDA:25,0,1,6
BRDA:28,1,0,3
BRDA:28,1,1,3
BRDA:41,2,0,5
BRDA:41,2,1,2
BRDA:43,3,0,1
BRDA:43,3,1,4
BRDA:56,4,0,2
BRDA:56,4,1,2
BRDA:58,5,0,2
BRDA:58,5,1,1
BRDA:69,6,0,4
BRDA:69,6,1,1
BRDA:71,7,0,1
BRDA:71,7,1,3
BRDA:84,8,0,1
BRDA:84,8,1,2
BRDA:86,9,0,1
BRDA:86,9,1,0
BRDA:90,10,0,1
BRDA:90,10,1,1
BRDA:96,11,0,1
BRDA:96,11,1,3
BRF:24
BRH:22
end_of_record
